{
    "behavior/E041": (
        compiler_out: "panicked at compiler/lunc/src/lib.rs:835:5:
not yet implemented: IMPLEMENT SIR AND THE FOLLOWING

note: run with `RUST_BACKTRACE=1` environment variable to display a backtrace
BUG: internal compiler error: unexpected panic.
  = note: we would appreciate a bug report on https://github.com/lunprog/lun/issues/new
  = note: lunc 0.1.0 (4d2fe0c2 2025-10-26)
",
        compiler_code: 101,
        test_out: "",
        test_code: 0,
    ),
    "behavior/E042": (
        compiler_out: "panicked at compiler/lunc/src/lib.rs:835:5:
not yet implemented: IMPLEMENT SIR AND THE FOLLOWING

note: run with `RUST_BACKTRACE=1` environment variable to display a backtrace
BUG: internal compiler error: unexpected panic.
  = note: we would appreciate a bug report on https://github.com/lunprog/lun/issues/new
  = note: lunc 0.1.0 (4d2fe0c2 2025-10-26)
",
        compiler_code: 101,
        test_out: "",
        test_code: 0,
    ),
    "behavior/logic_and": (
        compiler_out: "panicked at compiler/lunc/src/lib.rs:835:5:
not yet implemented: IMPLEMENT SIR AND THE FOLLOWING

note: run with `RUST_BACKTRACE=1` environment variable to display a backtrace
BUG: internal compiler error: unexpected panic.
  = note: we would appreciate a bug report on https://github.com/lunprog/lun/issues/new
  = note: lunc 0.1.0 (4d2fe0c2 2025-10-26)
",
        compiler_code: 101,
        test_out: "ONLY `foo`:
foo

BOTH `bar` and `foo`:
bar
foo
",
        test_code: 0,
    ),
    "behavior/logic_or": (
        compiler_out: "panicked at compiler/lunc/src/lib.rs:835:5:
not yet implemented: IMPLEMENT SIR AND THE FOLLOWING

note: run with `RUST_BACKTRACE=1` environment variable to display a backtrace
BUG: internal compiler error: unexpected panic.
  = note: we would appreciate a bug report on https://github.com/lunprog/lun/issues/new
  = note: lunc 0.1.0 (4d2fe0c2 2025-10-26)
",
        compiler_code: 101,
        test_out: "BOTH `foo` and `bar`:
foo
bar

ONLY `bar`:
bar
",
        test_code: 0,
    ),
    "dsir/E010": (
        compiler_out: "dsir = [
  Directive:Import {
    path: bim::boum @ 49..58 (fid = 0);
    alias: none;
  } @ 41..59 (fid = 0),

  Module {
    name: bim @ 61..70 (fid = 0);
    module: [];
    sym: Symbol {
      kind: module;
      name: bim @ 61..70 (fid = 0);
      realname: none;
      which: 0;
      path: orb::bim;
      typ: unknown;
      typeness: explicit;
      value: none;
    };
  },

  GlobalDef {
    name: a @ 72..73 (fid = 0);
    mutability: not;
    typeexpr: none;
    value: Block {
      label: none;
      block: Block [
        Call {
          callee: bim::boum @ 83..92 (fid = 0);
          args: [];
        } @ 83..94 (fid = 0) @ 83..94 (fid = 0),

        b @ 100..101 (fid = 0) @ 100..101 (fid = 0),

        @last_expr: none,
      ] @ 77..104 (fid = 0);
    } @ 77..104 (fid = 0);
    sym: Symbol {
      kind: global;
      name: a @ 72..73 (fid = 0);
      realname: none;
      which: 0;
      path: orb::a;
      typ: unknown;
      typeness: implicit;
      value: none;
    };
  } @ 72..104 (fid = 0),
]
error[E010]: cannot find `bim::boum` in this scope
  â”Œâ”€ ./tests/dsir/E010.lun:2:9
  â”‚
2 â”‚ #import bim::boum;
  â”‚         ^^^^^^^^^

error[E010]: cannot find `bim::boum` in this scope
  â”Œâ”€ ./tests/dsir/E010.lun:7:5
  â”‚
7 â”‚     bim::boum();
  â”‚     ^^^^^^^^^

error[E010]: cannot find `b` in this scope
  â”Œâ”€ ./tests/dsir/E010.lun:8:5
  â”‚
8 â”‚     b;
  â”‚     ^

error: compilation of `E010` failed due to 3 errors and 0 warnings

",
        compiler_code: 255,
        test_out: "",
        test_code: 0,
    ),
    "dsir/E013": (
        compiler_out: "dsir = [
  GlobalDef {
    name: _ @ 54..55 (fid = 0);
    mutability: not;
    typeexpr: none;
    value: integer 12 @ 59..61 (fid = 0);
    sym: Symbol {
      kind: global;
      name: _ @ 54..55 (fid = 0);
      realname: none;
      which: 0;
      path: orb::_;
      typ: unknown;
      typeness: implicit;
      value: none;
    };
  } @ 54..62 (fid = 0),

  GlobalDef {
    name: _ @ 64..65 (fid = 0);
    mutability: mut;
    typeexpr: none;
    value: integer 34 @ 69..71 (fid = 0);
    sym: Symbol {
      kind: global;
      name: _ @ 64..65 (fid = 0);
      realname: none;
      which: 0;
      path: orb::_;
      typ: unknown;
      typeness: implicit;
      value: none;
    };
  } @ 64..72 (fid = 0),

  GlobalDef {
    name: a @ 74..75 (fid = 0);
    mutability: not;
    typeexpr: none;
    value: FunDefinition {
      args: [
        Arg {
          name: _ @ 83..84 (fid = 0);
          typeexpr: Symbol {
            kind: global;
            name: i8 @ none;
            realname: none;
            which: 0;
            path: âˆ…;
            typ: type;
            typeness: explicit;
            value: Type {
              type: i8;
            };
          } @ 86..88 (fid = 0);
          sym: Symbol {
            kind: argument;
            name: _ @ 83..84 (fid = 0);
            realname: none;
            which: 0;
            path: _;
            typ: unknown;
            typeness: explicit;
            value: none;
          };
        } @ 83..88 (fid = 0),
      ];
      rettypeexpr: none;
      body: Block [
        @last_expr: none,
      ] @ 90..92 (fid = 0);
    } @ 79..92 (fid = 0);
    sym: Symbol {
      kind: function;
      name: a @ 74..75 (fid = 0);
      realname: none;
      which: 0;
      path: orb::a;
      typ: unknown;
      typeness: explicit;
      value: none;
    };
  } @ 74..92 (fid = 0),
]
error[E013]: `_` is a reserved identifier
  â”Œâ”€ ./tests/dsir/E013.lun:2:1
  â”‚
2 â”‚ _ :: 12;
  â”‚ ^
  â”‚
  = you can't use `_` as a symbol name

error[E013]: `_` is a reserved identifier
  â”Œâ”€ ./tests/dsir/E013.lun:4:1
  â”‚
4 â”‚ _ := 34;
  â”‚ ^
  â”‚
  = you can't use `_` as a symbol name

error[E013]: `_` is a reserved identifier
  â”Œâ”€ ./tests/dsir/E013.lun:6:10
  â”‚
6 â”‚ a :: fun(_: i8) {}
  â”‚          ^
  â”‚
  = you can't use `_` as a symbol name

error: compilation of `E013` failed due to 3 errors and 0 warnings

",
        compiler_code: 255,
        test_out: "",
        test_code: 0,
    ),
    "dsir/E014": (
        compiler_out: "dsir = [
  GlobalDef {
    name: a @ 48..49 (fid = 0);
    mutability: not;
    typeexpr: none;
    value: Block {
      label: none;
      block: Block [
        BindingDef {
          name: b @ 59..60 (fid = 0);
          mutability: not;
          typeexpr: Symbol {
            kind: global;
            name: usz @ none;
            realname: none;
            which: 0;
            path: âˆ…;
            typ: type;
            typeness: explicit;
            value: Type {
              type: usz;
            };
          } @ 63..66 (fid = 0);
          value: _ @ 69..70 (fid = 0);
          sym: Symbol {
            kind: local;
            name: b @ 59..60 (fid = 0);
            realname: none;
            which: 0;
            path: b;
            typ: unknown;
            typeness: explicit;
            value: none;
          };
        } @ 59..70 (fid = 0),

        @last_expr: none,
      ] @ 53..73 (fid = 0);
    } @ 53..73 (fid = 0);
    sym: Symbol {
      kind: global;
      name: a @ 48..49 (fid = 0);
      realname: none;
      which: 0;
      path: orb::a;
      typ: unknown;
      typeness: implicit;
      value: none;
    };
  } @ 48..73 (fid = 0),
]
error[E014]: `_` can only be used in left hand side of assignment not in expressions
  â”Œâ”€ ./tests/dsir/E014.lun:3:15
  â”‚
3 â”‚     b : usz = _;
  â”‚               ^

error: compilation of `E014` failed due to 1 error and 0 warnings

",
        compiler_code: 255,
        test_out: "",
        test_code: 0,
    ),
    "dsir/E019": (
        compiler_out: "dsir = [
  GlobalDef {
    name: a @ 50..51 (fid = 0);
    mutability: not;
    typeexpr: none;
    value: integer 12 @ 55..57 (fid = 0);
    sym: Symbol {
      kind: global;
      name: a @ 50..51 (fid = 0);
      realname: none;
      which: 0;
      path: orb::a;
      typ: unknown;
      typeness: implicit;
      value: none;
    };
  } @ 50..58 (fid = 0),

  GlobalDef {
    name: a @ 59..60 (fid = 0);
    mutability: mut;
    typeexpr: none;
    value: integer 34 @ 64..66 (fid = 0);
    sym: Symbol {
      kind: global;
      name: a @ 59..60 (fid = 0);
      realname: none;
      which: 0;
      path: orb::a;
      typ: unknown;
      typeness: implicit;
      value: none;
    };
  } @ 59..67 (fid = 0),
]
error[E019]: the name `a` is defined multiple times
  â”Œâ”€ ./tests/dsir/E019.lun:3:1
  â”‚
2 â”‚ a :: 12;
  â”‚ - defined here for the first time
3 â”‚ a := 34;
  â”‚ ^ defined `a` a second time here

error: compilation of `E019` failed due to 1 error and 0 warnings

",
        compiler_code: 255,
        test_out: "",
        test_code: 0,
    ),
    "dsir/E026": (
        compiler_out: "dsir = [
  Directive:Mod {
    name: peekaboo;
  } @ 48..62 (fid = 0),
]
error[E026]: file not found for module 'peekaboo'
  â”Œâ”€ ./tests/dsir/E026.lun:2:1
  â”‚
2 â”‚ #mod peekaboo;
  â”‚ ^^^^^^^^^^^^^^
  â”‚
  = help: to create the module 'peekaboo', create the file at path './tests/dsir/peekaboo.lun'

error: compilation of `E026` failed due to 1 error and 0 warnings

",
        compiler_code: 255,
        test_out: "",
        test_code: 0,
    ),
    "dsir/bim": (
        compiler_out: "dsir = []
",
        compiler_code: 0,
        test_out: "",
        test_code: 0,
    ),
    "dsir/forward_use": (
        compiler_out: "dsir = [
  GlobalDef {
    name: main @ 79..83 (fid = 0);
    mutability: not;
    typeexpr: none;
    value: FunDefinition {
      args: [];
      rettypeexpr: none;
      body: Block [
        BindingDef {
          name: res @ 99..102 (fid = 0);
          mutability: not;
          typeexpr: none;
          value: Call {
            callee: Symbol {
              kind: function;
              name: add @ 133..136 (fid = 0);
              realname: none;
              which: 0;
              path: orb::add;
              typ: unknown;
              typeness: explicit;
              value: none;
            } @ 106..109 (fid = 0);
            args: [
              integer 1 @ 110..111 (fid = 0),

              integer 2 @ 113..114 (fid = 0),
            ];
          } @ 106..115 (fid = 0);
          sym: Symbol {
            kind: local;
            name: res @ 99..102 (fid = 0);
            realname: none;
            which: 0;
            path: res;
            typ: unknown;
            typeness: implicit;
            value: none;
          };
        } @ 99..115 (fid = 0),

        Binary {
          lhs: Underscore @ 121..122 (fid = 0);
          op: Assignment;
          rhs: Symbol {
            kind: local;
            name: res @ 99..102 (fid = 0);
            realname: none;
            which: 0;
            path: res;
            typ: unknown;
            typeness: implicit;
            value: none;
          } @ 125..128 (fid = 0);
        } @ 121..128 (fid = 0) @ 121..128 (fid = 0),

        @last_expr: none,
      ] @ 93..131 (fid = 0);
    } @ 87..131 (fid = 0);
    sym: Symbol {
      kind: function;
      name: main @ 79..83 (fid = 0);
      realname: none;
      which: 0;
      path: orb::main;
      typ: unknown;
      typeness: explicit;
      value: none;
    };
  } @ 79..131 (fid = 0),

  GlobalDef {
    name: add @ 133..136 (fid = 0);
    mutability: not;
    typeexpr: none;
    value: FunDefinition {
      args: [
        Arg {
          name: a @ 144..145 (fid = 0);
          typeexpr: Symbol {
            kind: global;
            name: isz @ none;
            realname: none;
            which: 0;
            path: âˆ…;
            typ: type;
            typeness: explicit;
            value: Type {
              type: isz;
            };
          } @ 147..150 (fid = 0);
          sym: Symbol {
            kind: argument;
            name: a @ 144..145 (fid = 0);
            realname: none;
            which: 0;
            path: a;
            typ: unknown;
            typeness: explicit;
            value: none;
          };
        } @ 144..150 (fid = 0),

        Arg {
          name: b @ 152..153 (fid = 0);
          typeexpr: Symbol {
            kind: global;
            name: isz @ none;
            realname: none;
            which: 0;
            path: âˆ…;
            typ: type;
            typeness: explicit;
            value: Type {
              type: isz;
            };
          } @ 155..158 (fid = 0);
          sym: Symbol {
            kind: argument;
            name: b @ 152..153 (fid = 0);
            realname: none;
            which: 1;
            path: b;
            typ: unknown;
            typeness: explicit;
            value: none;
          };
        } @ 152..158 (fid = 0),
      ];
      rettypeexpr: Symbol {
        kind: global;
        name: isz @ none;
        realname: none;
        which: 0;
        path: âˆ…;
        typ: type;
        typeness: explicit;
        value: Type {
          type: isz;
        };
      } @ 163..166 (fid = 0);
      body: Block [
        @last_expr: Binary {
          lhs: Symbol {
            kind: argument;
            name: a @ 144..145 (fid = 0);
            realname: none;
            which: 0;
            path: a;
            typ: unknown;
            typeness: explicit;
            value: none;
          } @ 173..174 (fid = 0);
          op: Add;
          rhs: Symbol {
            kind: argument;
            name: b @ 152..153 (fid = 0);
            realname: none;
            which: 1;
            path: b;
            typ: unknown;
            typeness: explicit;
            value: none;
          } @ 177..178 (fid = 0);
        } @ 173..178 (fid = 0),
      ] @ 167..180 (fid = 0);
    } @ 140..180 (fid = 0);
    sym: Symbol {
      kind: function;
      name: add @ 133..136 (fid = 0);
      realname: none;
      which: 0;
      path: orb::add;
      typ: unknown;
      typeness: explicit;
      value: none;
    };
  } @ 133..180 (fid = 0),
]
",
        compiler_code: 0,
        test_out: "",
        test_code: 0,
    ),
    "dsir/global_def": (
        compiler_out: r#"dsir = [
  GlobalDef {
    name: main @ 19..23 (fid = 0);
    mutability: not;
    typeexpr: none;
    value: FunDefinition {
      args: [];
      rettypeexpr: none;
      body: Block [
        @last_expr: none,
      ] @ 33..35 (fid = 0);
    } @ 27..35 (fid = 0);
    sym: Symbol {
      kind: function;
      name: main @ 19..23 (fid = 0);
      realname: none;
      which: 0;
      path: orb::main;
      typ: unknown;
      typeness: explicit;
      value: none;
    };
  } @ 19..35 (fid = 0),

  GlobalDef {
    name: avogadro @ 36..44 (fid = 0);
    mutability: not;
    typeexpr: Symbol {
      kind: global;
      name: f64 @ none;
      realname: none;
      which: 0;
      path: âˆ…;
      typ: type;
      typeness: explicit;
      value: Type {
        type: f64;
      };
    } @ 47..50 (fid = 0);
    value: float 6.0219999999999996e23 @ 53..61 (fid = 0);
    sym: Symbol {
      kind: global;
      name: avogadro @ 36..44 (fid = 0);
      realname: none;
      which: 0;
      path: orb::avogadro;
      typ: unknown;
      typeness: explicit;
      value: none;
    };
  } @ 36..62 (fid = 0),

  GlobalDef {
    name: hello @ 78..83 (fid = 0);
    mutability: mut;
    typeexpr: PointerType {
      mutability: not;
      typeexpr: Symbol {
        kind: global;
        name: str @ none;
        realname: none;
        which: 0;
        path: âˆ…;
        typ: type;
        typeness: explicit;
        value: Type {
          type: str;
        };
      } @ 87..90 (fid = 0);
    } @ 86..90 (fid = 0);
    value: string "Hello" @ 93..100 (fid = 0);
    sym: Symbol {
      kind: global;
      name: hello @ 78..83 (fid = 0);
      realname: none;
      which: 0;
      path: orb::hello;
      typ: unknown;
      typeness: explicit;
      value: none;
    };
  } @ 78..101 (fid = 0),

  GlobalDef {
    name: globFloat @ 102..111 (fid = 0);
    mutability: mut;
    typeexpr: none;
    value: float 12.0 @ 115..119 (fid = 0);
    sym: Symbol {
      kind: global;
      name: globFloat @ 102..111 (fid = 0);
      realname: none;
      which: 0;
      path: orb::globFloat;
      typ: unknown;
      typeness: implicit;
      value: none;
    };
  } @ 102..120 (fid = 0),

  Module {
    name: nested @ 179..191 (fid = 0);
    module: [];
    sym: Symbol {
      kind: module;
      name: nested @ 179..191 (fid = 0);
      realname: none;
      which: 0;
      path: orb::nested;
      typ: unknown;
      typeness: explicit;
      value: none;
    };
  },
]
"#,
        compiler_code: 0,
        test_out: "",
        test_code: 0,
    ),
    "dsir/lower_expr": (
        compiler_out: r#"dsir = [
  GlobalDef {
    name: main @ 11..15 (fid = 0);
    mutability: not;
    typeexpr: none;
    value: FunDefinition {
      args: [];
      rettypeexpr: none;
      body: Block [
        Binary {
          lhs: Underscore @ 54..55 (fid = 0);
          op: Assignment;
          rhs: integer 12 @ 58..60 (fid = 0);
        } @ 54..60 (fid = 0) @ 54..60 (fid = 0),

        Binary {
          lhs: Underscore @ 87..88 (fid = 0);
          op: Assignment;
          rhs: boolean true @ 91..95 (fid = 0);
        } @ 87..95 (fid = 0) @ 87..95 (fid = 0),

        Binary {
          lhs: Underscore @ 101..102 (fid = 0);
          op: Assignment;
          rhs: boolean false @ 105..110 (fid = 0);
        } @ 101..110 (fid = 0) @ 101..110 (fid = 0),

        Binary {
          lhs: Underscore @ 139..140 (fid = 0);
          op: Assignment;
          rhs: string "Hello world!" @ 143..157 (fid = 0);
        } @ 139..157 (fid = 0) @ 139..157 (fid = 0),

        Binary {
          lhs: Underscore @ 184..185 (fid = 0);
          op: Assignment;
          rhs: char 'C' @ 188..191 (fid = 0);
        } @ 184..191 (fid = 0) @ 184..191 (fid = 0),

        Binary {
          lhs: Underscore @ 219..220 (fid = 0);
          op: Assignment;
          rhs: float 6.0219999999999996e23 @ 223..231 (fid = 0);
        } @ 219..231 (fid = 0) @ 219..231 (fid = 0),

        Binary {
          lhs: Underscore @ 284..285 (fid = 0);
          op: Assignment;
          rhs: Binary {
            lhs: integer 12 @ 289..291 (fid = 0);
            op: Add;
            rhs: integer 3 @ 294..295 (fid = 0);
          } @ 289..295 (fid = 0);
        } @ 284..296 (fid = 0) @ 284..296 (fid = 0),

        Binary {
          lhs: Underscore @ 321..322 (fid = 0);
          op: Assignment;
          rhs: Symbol {
            kind: function;
            name: main @ 11..15 (fid = 0);
            realname: none;
            which: 0;
            path: orb::main;
            typ: unknown;
            typeness: explicit;
            value: none;
          } @ 325..329 (fid = 0);
        } @ 321..329 (fid = 0) @ 321..329 (fid = 0),

        Binary {
          lhs: Underscore @ 353..354 (fid = 0);
          op: Assignment;
          rhs: Binary {
            lhs: integer 34 @ 357..359 (fid = 0);
            op: Add;
            rhs: integer 35 @ 362..364 (fid = 0);
          } @ 357..364 (fid = 0);
        } @ 353..364 (fid = 0) @ 353..364 (fid = 0),

        Binary {
          lhs: Underscore @ 387..388 (fid = 0);
          op: Assignment;
          rhs: Unary {
            op: Not;
            expr: boolean false @ 392..397 (fid = 0);
          } @ 391..397 (fid = 0);
        } @ 387..397 (fid = 0) @ 387..397 (fid = 0),

        Binary {
          lhs: Underscore @ 403..404 (fid = 0);
          op: Assignment;
          rhs: Unary {
            op: Negation;
            expr: float 12.0 @ 408..412 (fid = 0);
          } @ 407..412 (fid = 0);
        } @ 403..412 (fid = 0) @ 403..412 (fid = 0),

        Binary {
          lhs: Underscore @ 435..436 (fid = 0);
          op: Assignment;
          rhs: Call {
            callee: Symbol {
              kind: function;
              name: some_fun @ 1159..1167 (fid = 0);
              realname: none;
              which: 0;
              path: orb::some_fun;
              typ: unknown;
              typeness: explicit;
              value: none;
            } @ 439..447 (fid = 0);
            args: [];
          } @ 439..449 (fid = 0);
        } @ 435..449 (fid = 0) @ 435..449 (fid = 0),

        Binary {
          lhs: Underscore @ 455..456 (fid = 0);
          op: Assignment;
          rhs: Call {
            callee: Symbol {
              kind: function;
              name: some_fun @ 1159..1167 (fid = 0);
              realname: none;
              which: 0;
              path: orb::some_fun;
              typ: unknown;
              typeness: explicit;
              value: none;
            } @ 459..467 (fid = 0);
            args: [
              integer 1 @ 468..469 (fid = 0),
            ];
          } @ 459..470 (fid = 0);
        } @ 455..470 (fid = 0) @ 455..470 (fid = 0),

        Binary {
          lhs: Underscore @ 476..477 (fid = 0);
          op: Assignment;
          rhs: Call {
            callee: Symbol {
              kind: function;
              name: some_fun @ 1159..1167 (fid = 0);
              realname: none;
              which: 0;
              path: orb::some_fun;
              typ: unknown;
              typeness: explicit;
              value: none;
            } @ 480..488 (fid = 0);
            args: [
              integer 1 @ 489..490 (fid = 0),

              integer 2 @ 492..493 (fid = 0),
            ];
          } @ 480..494 (fid = 0);
        } @ 476..494 (fid = 0) @ 476..494 (fid = 0),

        Binary {
          lhs: Underscore @ 500..501 (fid = 0);
          op: Assignment;
          rhs: Call {
            callee: Symbol {
              kind: function;
              name: some_fun @ 1159..1167 (fid = 0);
              realname: none;
              which: 0;
              path: orb::some_fun;
              typ: unknown;
              typeness: explicit;
              value: none;
            } @ 504..512 (fid = 0);
            args: [
              integer 1 @ 513..514 (fid = 0),

              integer 2 @ 516..517 (fid = 0),
            ];
          } @ 504..519 (fid = 0);
        } @ 500..519 (fid = 0) @ 500..519 (fid = 0),

        If {
          cond: boolean true @ 539..543 (fid = 0);
          then_br: Block {
            label: none;
            block: Block [
              Call {
                callee: Symbol {
                  kind: function;
                  name: main @ 11..15 (fid = 0);
                  realname: none;
                  which: 0;
                  path: orb::main;
                  typ: unknown;
                  typeness: explicit;
                  value: none;
                } @ 554..558 (fid = 0);
                args: [];
              } @ 554..560 (fid = 0) @ 554..560 (fid = 0),

              @last_expr: none,
            ] @ 544..567 (fid = 0);
          } @ 536..596 (fid = 0);
          else_br: Block {
            label: none;
            block: Block [
              Call {
                callee: Symbol {
                  kind: function;
                  name: main @ 11..15 (fid = 0);
                  realname: none;
                  which: 0;
                  path: orb::main;
                  typ: unknown;
                  typeness: explicit;
                  value: none;
                } @ 583..587 (fid = 0);
                args: [];
              } @ 583..589 (fid = 0) @ 583..589 (fid = 0),

              @last_expr: none,
            ] @ 573..596 (fid = 0);
          } @ 573..596 (fid = 0);
        } @ 536..596 (fid = 0) @ 536..596 (fid = 0),

        Binary {
          lhs: Underscore @ 622..623 (fid = 0);
          op: Assignment;
          rhs: If {
            cond: Binary {
              lhs: integer 23 @ 629..631 (fid = 0);
              op: CompGT;
              rhs: integer 12 @ 634..636 (fid = 0);
            } @ 629..636 (fid = 0);
            then_br: boolean false @ 642..647 (fid = 0);
            else_br: boolean true @ 653..657 (fid = 0);
          } @ 626..657 (fid = 0);
        } @ 622..657 (fid = 0) @ 622..657 (fid = 0),

        Block {
          label: none;
          block: Block [
            Binary {
              lhs: Underscore @ 687..688 (fid = 0);
              op: Assignment;
              rhs: integer 2 @ 691..692 (fid = 0);
            } @ 687..692 (fid = 0) @ 687..692 (fid = 0),

            Binary {
              lhs: Underscore @ 702..703 (fid = 0);
              op: Assignment;
              rhs: Call {
                callee: Symbol {
                  kind: function;
                  name: main @ 11..15 (fid = 0);
                  realname: none;
                  which: 0;
                  path: orb::main;
                  typ: unknown;
                  typeness: explicit;
                  value: none;
                } @ 706..710 (fid = 0);
                args: [];
              } @ 706..712 (fid = 0);
            } @ 702..712 (fid = 0) @ 702..712 (fid = 0),

            @last_expr: none,
          ] @ 677..719 (fid = 0);
        } @ 677..719 (fid = 0) @ 677..719 (fid = 0),

        Loop {
          label: none;
          body: Block [
            Break {
              label: none;
              expr: none;
            } @ 777..782 (fid = 0) @ 777..782 (fid = 0),

            @last_expr: none,
          ] @ 751..789 (fid = 0);
        } @ 746..789 (fid = 0) @ 746..789 (fid = 0),

        Return {
          expr: Binary {
            lhs: integer 12 @ 816..818 (fid = 0);
            op: Mul;
            rhs: integer 8 @ 821..822 (fid = 0);
          } @ 816..822 (fid = 0);
        } @ 809..822 (fid = 0) @ 809..822 (fid = 0),

        Return {
          expr: none;
        } @ 828..834 (fid = 0) @ 828..834 (fid = 0),

        Continue @ 857..865 (fid = 0) @ 857..865 (fid = 0),

        Binary {
          lhs: Underscore @ 884..885 (fid = 0);
          op: Assignment;
          rhs: Null @ 888..892 (fid = 0);
        } @ 884..892 (fid = 0) @ 884..892 (fid = 0),

        Binary {
          lhs: Underscore @ 912..913 (fid = 0);
          op: Assignment;
          rhs: Unary {
            op: Dereference;
            expr: Symbol {
              kind: global;
              name: some_pointer @ 1180..1192 (fid = 0);
              realname: none;
              which: 0;
              path: orb::some_pointer;
              typ: unknown;
              typeness: implicit;
              value: none;
            } @ 916..928 (fid = 0);
          } @ 916..930 (fid = 0);
        } @ 912..930 (fid = 0) @ 912..930 (fid = 0),

        Binary {
          lhs: Underscore @ 972..973 (fid = 0);
          op: Assignment;
          rhs: PointerType {
            mutability: not;
            typeexpr: Symbol {
              kind: global;
              name: u32 @ none;
              realname: none;
              which: 0;
              path: âˆ…;
              typ: type;
              typeness: explicit;
              value: Type {
                type: u32;
              };
            } @ 977..980 (fid = 0);
          } @ 976..980 (fid = 0);
        } @ 972..980 (fid = 0) @ 972..980 (fid = 0),

        Binary {
          lhs: Underscore @ 986..987 (fid = 0);
          op: Assignment;
          rhs: PointerType {
            mutability: mut;
            typeexpr: Symbol {
              kind: global;
              name: u32 @ none;
              realname: none;
              which: 0;
              path: âˆ…;
              typ: type;
              typeness: explicit;
              value: Type {
                type: u32;
              };
            } @ 995..998 (fid = 0);
          } @ 990..998 (fid = 0);
        } @ 986..998 (fid = 0) @ 986..998 (fid = 0),

        Binary {
          lhs: Underscore @ 1034..1035 (fid = 0);
          op: Assignment;
          rhs: FunPtrType {
            args: [];
            ret: none;
          } @ 1038..1044 (fid = 0);
        } @ 1034..1044 (fid = 0) @ 1034..1044 (fid = 0),

        Binary {
          lhs: Underscore @ 1050..1051 (fid = 0);
          op: Assignment;
          rhs: FunPtrType {
            args: [
              Symbol {
                kind: global;
                name: usz @ none;
                realname: none;
                which: 0;
                path: âˆ…;
                typ: type;
                typeness: explicit;
                value: Type {
                  type: usz;
                };
              } @ 1059..1062 (fid = 0),

              Symbol {
                kind: global;
                name: bool @ none;
                realname: none;
                which: 0;
                path: âˆ…;
                typ: type;
                typeness: explicit;
                value: Type {
                  type: bool;
                };
              } @ 1064..1068 (fid = 0),
            ];
            ret: Symbol {
              kind: global;
              name: usz @ none;
              realname: none;
              which: 0;
              path: âˆ…;
              typ: type;
              typeness: explicit;
              value: Type {
                type: usz;
              };
            } @ 1073..1076 (fid = 0);
          } @ 1054..1076 (fid = 0);
        } @ 1050..1076 (fid = 0) @ 1050..1076 (fid = 0),

        Binary {
          lhs: Underscore @ 1082..1083 (fid = 0);
          op: Assignment;
          rhs: FunPtrType {
            args: [
              Symbol {
                kind: global;
                name: usz @ none;
                realname: none;
                which: 0;
                path: âˆ…;
                typ: type;
                typeness: explicit;
                value: Type {
                  type: usz;
                };
              } @ 1091..1094 (fid = 0),
            ];
            ret: Symbol {
              kind: global;
              name: usz @ none;
              realname: none;
              which: 0;
              path: âˆ…;
              typ: type;
              typeness: explicit;
              value: Type {
                type: usz;
              };
            } @ 1100..1103 (fid = 0);
          } @ 1086..1103 (fid = 0);
        } @ 1082..1103 (fid = 0) @ 1082..1103 (fid = 0),

        @last_expr: none,
      ] @ 25..1106 (fid = 0);
    } @ 19..1106 (fid = 0);
    sym: Symbol {
      kind: function;
      name: main @ 11..15 (fid = 0);
      realname: none;
      which: 0;
      path: orb::main;
      typ: unknown;
      typeness: explicit;
      value: none;
    };
  } @ 11..1106 (fid = 0),

  GlobalDef {
    name: some_fun @ 1159..1167 (fid = 0);
    mutability: not;
    typeexpr: none;
    value: FunDefinition {
      args: [];
      rettypeexpr: none;
      body: Block [
        @last_expr: none,
      ] @ 1177..1179 (fid = 0);
    } @ 1171..1179 (fid = 0);
    sym: Symbol {
      kind: function;
      name: some_fun @ 1159..1167 (fid = 0);
      realname: none;
      which: 0;
      path: orb::some_fun;
      typ: unknown;
      typeness: explicit;
      value: none;
    };
  } @ 1159..1179 (fid = 0),

  GlobalDef {
    name: some_pointer @ 1180..1192 (fid = 0);
    mutability: not;
    typeexpr: none;
    value: Borrow {
      mutability: not;
      expr: integer 12 @ 1197..1199 (fid = 0);
    } @ 1196..1199 (fid = 0);
    sym: Symbol {
      kind: global;
      name: some_pointer @ 1180..1192 (fid = 0);
      realname: none;
      which: 0;
      path: orb::some_pointer;
      typ: unknown;
      typeness: implicit;
      value: none;
    };
  } @ 1180..1200 (fid = 0),
]
"#,
        compiler_code: 0,
        test_out: "",
        test_code: 0,
    ),
    "dsir/my_module": (
        compiler_out: r#"dsir = [
  Module {
    name: global_def @ 61..77 (fid = 0);
    module: [
      GlobalDef {
        name: main @ 19..23 (fid = 1);
        mutability: not;
        typeexpr: none;
        value: FunDefinition {
          args: [];
          rettypeexpr: none;
          body: Block [
            @last_expr: none,
          ] @ 33..35 (fid = 1);
        } @ 27..35 (fid = 1);
        sym: Symbol {
          kind: function;
          name: main @ 19..23 (fid = 1);
          realname: none;
          which: 0;
          path: orb::global_def::main;
          typ: unknown;
          typeness: explicit;
          value: none;
        };
      } @ 19..35 (fid = 1),

      GlobalDef {
        name: avogadro @ 36..44 (fid = 1);
        mutability: not;
        typeexpr: Symbol {
          kind: global;
          name: f64 @ none;
          realname: none;
          which: 0;
          path: âˆ…;
          typ: type;
          typeness: explicit;
          value: Type {
            type: f64;
          };
        } @ 47..50 (fid = 1);
        value: float 6.0219999999999996e23 @ 53..61 (fid = 1);
        sym: Symbol {
          kind: global;
          name: avogadro @ 36..44 (fid = 1);
          realname: none;
          which: 0;
          path: orb::global_def::avogadro;
          typ: unknown;
          typeness: explicit;
          value: none;
        };
      } @ 36..62 (fid = 1),

      GlobalDef {
        name: hello @ 78..83 (fid = 1);
        mutability: mut;
        typeexpr: PointerType {
          mutability: not;
          typeexpr: Symbol {
            kind: global;
            name: str @ none;
            realname: none;
            which: 0;
            path: âˆ…;
            typ: type;
            typeness: explicit;
            value: Type {
              type: str;
            };
          } @ 87..90 (fid = 1);
        } @ 86..90 (fid = 1);
        value: string "Hello" @ 93..100 (fid = 1);
        sym: Symbol {
          kind: global;
          name: hello @ 78..83 (fid = 1);
          realname: none;
          which: 0;
          path: orb::global_def::hello;
          typ: unknown;
          typeness: explicit;
          value: none;
        };
      } @ 78..101 (fid = 1),

      GlobalDef {
        name: globFloat @ 102..111 (fid = 1);
        mutability: mut;
        typeexpr: none;
        value: float 12.0 @ 115..119 (fid = 1);
        sym: Symbol {
          kind: global;
          name: globFloat @ 102..111 (fid = 1);
          realname: none;
          which: 0;
          path: orb::global_def::globFloat;
          typ: unknown;
          typeness: implicit;
          value: none;
        };
      } @ 102..120 (fid = 1),

      Module {
        name: nested @ 179..191 (fid = 1);
        module: [
          GlobalDef {
            name: add @ 65..68 (fid = 2);
            mutability: not;
            typeexpr: none;
            value: FunDefinition {
              args: [
                Arg {
                  name: a @ 76..77 (fid = 2);
                  typeexpr: Symbol {
                    kind: global;
                    name: usz @ none;
                    realname: none;
                    which: 0;
                    path: âˆ…;
                    typ: type;
                    typeness: explicit;
                    value: Type {
                      type: usz;
                    };
                  } @ 79..82 (fid = 2);
                  sym: Symbol {
                    kind: argument;
                    name: a @ 76..77 (fid = 2);
                    realname: none;
                    which: 0;
                    path: a;
                    typ: unknown;
                    typeness: explicit;
                    value: none;
                  };
                } @ 76..82 (fid = 2),

                Arg {
                  name: b @ 84..85 (fid = 2);
                  typeexpr: Symbol {
                    kind: global;
                    name: usz @ none;
                    realname: none;
                    which: 0;
                    path: âˆ…;
                    typ: type;
                    typeness: explicit;
                    value: Type {
                      type: usz;
                    };
                  } @ 87..90 (fid = 2);
                  sym: Symbol {
                    kind: argument;
                    name: b @ 84..85 (fid = 2);
                    realname: none;
                    which: 1;
                    path: b;
                    typ: unknown;
                    typeness: explicit;
                    value: none;
                  };
                } @ 84..90 (fid = 2),
              ];
              rettypeexpr: Symbol {
                kind: global;
                name: usz @ none;
                realname: none;
                which: 0;
                path: âˆ…;
                typ: type;
                typeness: explicit;
                value: Type {
                  type: usz;
                };
              } @ 95..98 (fid = 2);
              body: Block [
                @last_expr: Binary {
                  lhs: Symbol {
                    kind: argument;
                    name: a @ 76..77 (fid = 2);
                    realname: none;
                    which: 0;
                    path: a;
                    typ: unknown;
                    typeness: explicit;
                    value: none;
                  } @ 105..106 (fid = 2);
                  op: Add;
                  rhs: Symbol {
                    kind: argument;
                    name: b @ 84..85 (fid = 2);
                    realname: none;
                    which: 1;
                    path: b;
                    typ: unknown;
                    typeness: explicit;
                    value: none;
                  } @ 109..110 (fid = 2);
                } @ 105..110 (fid = 2),
              ] @ 99..112 (fid = 2);
            } @ 72..112 (fid = 2);
            sym: Symbol {
              kind: function;
              name: add @ 65..68 (fid = 2);
              realname: none;
              which: 0;
              path: orb::global_def::nested::add;
              typ: unknown;
              typeness: explicit;
              value: none;
            };
          } @ 65..112 (fid = 2),
        ];
        sym: Symbol {
          kind: module;
          name: nested @ 179..191 (fid = 1);
          realname: none;
          which: 0;
          path: orb::global_def::nested;
          typ: unknown;
          typeness: explicit;
          value: none;
        };
      },
    ];
    sym: Symbol {
      kind: module;
      name: global_def @ 61..77 (fid = 0);
      realname: none;
      which: 0;
      path: orb::global_def;
      typ: unknown;
      typeness: explicit;
      value: none;
    };
  },
]
"#,
        compiler_code: 0,
        test_out: "",
        test_code: 0,
    ),
    "dsir/nested": (
        compiler_out: "dsir = []
",
        compiler_code: 0,
        test_out: "",
        test_code: 0,
    ),
    "dsir/predicate_loop": (
        compiler_out: r#"dsir = [
  GlobalDef {
    name: println @ 138..145 (fid = 0);
    mutability: not;
    typeexpr: none;
    value: FunDefinition {
      args: [];
      rettypeexpr: none;
      body: Block [
        @last_expr: none,
      ] @ 155..157 (fid = 0);
    } @ 149..157 (fid = 0);
    sym: Symbol {
      kind: function;
      name: println @ 138..145 (fid = 0);
      realname: none;
      which: 0;
      path: orb::println;
      typ: unknown;
      typeness: explicit;
      value: none;
    };
  } @ 138..157 (fid = 0),

  GlobalDef {
    name: main @ 159..163 (fid = 0);
    mutability: not;
    typeexpr: none;
    value: FunDefinition {
      args: [];
      rettypeexpr: none;
      body: Block [
        BindingDef {
          name: i @ 179..182 (fid = 0);
          mutability: mut;
          typeexpr: none;
          value: integer 0 @ 188..189 (fid = 0);
          sym: Symbol {
            kind: local;
            name: i @ 179..182 (fid = 0);
            realname: none;
            which: 0;
            path: i;
            typ: unknown;
            typeness: implicit;
            value: none;
          };
        } @ 179..189 (fid = 0),

        Loop {
          label: none;
          body: Block [
            If {
              cond: Unary {
                op: Not;
                expr: Binary {
                  lhs: Symbol {
                    kind: local;
                    name: i @ 179..182 (fid = 0);
                    realname: none;
                    which: 0;
                    path: i;
                    typ: unknown;
                    typeness: implicit;
                    value: none;
                  } @ 202..203 (fid = 0);
                  op: CompLT;
                  rhs: integer 10 @ 206..208 (fid = 0);
                } @ 202..208 (fid = 0);
              } @ none;
              then_br: Break {
                label: none;
                expr: none;
              } @ none;
              else_br: none;
            } @ none @ none,

            Block {
              label: none;
              block: Block [
                Call {
                  callee: Symbol {
                    kind: function;
                    name: println @ 138..145 (fid = 0);
                    realname: none;
                    which: 0;
                    path: orb::println;
                    typ: unknown;
                    typeness: explicit;
                    value: none;
                  } @ 219..226 (fid = 0);
                  args: [
                    string "i = {}" @ 227..235 (fid = 0),

                    Symbol {
                      kind: local;
                      name: i @ 179..182 (fid = 0);
                      realname: none;
                      which: 0;
                      path: i;
                      typ: unknown;
                      typeness: implicit;
                      value: none;
                    } @ 237..238 (fid = 0),
                  ];
                } @ 219..239 (fid = 0) @ 219..239 (fid = 0),

                @last_expr: none,
              ] @ 209..246 (fid = 0);
            } @ none @ none,

            @last_expr: none,
          ] @ 209..246 (fid = 0);
        } @ 196..246 (fid = 0) @ 196..246 (fid = 0),

        BindingDef {
          name: j @ 252..255 (fid = 0);
          mutability: mut;
          typeexpr: none;
          value: integer 3 @ 261..262 (fid = 0);
          sym: Symbol {
            kind: local;
            name: j @ 252..255 (fid = 0);
            realname: none;
            which: 1;
            path: j;
            typ: unknown;
            typeness: implicit;
            value: none;
          };
        } @ 252..262 (fid = 0),

        @last_expr: Loop {
          label: label @ 269..274 (fid = 0);
          body: Block [
            If {
              cond: Unary {
                op: Not;
                expr: Binary {
                  lhs: Binary {
                    lhs: Symbol {
                      kind: local;
                      name: j @ 252..255 (fid = 0);
                      realname: none;
                      which: 1;
                      path: j;
                      typ: unknown;
                      typeness: implicit;
                      value: none;
                    } @ 282..283 (fid = 0);
                    op: CompLT;
                    rhs: integer 10 @ 286..288 (fid = 0);
                  } @ 282..288 (fid = 0);
                  op: LogicalAnd;
                  rhs: Binary {
                    lhs: Symbol {
                      kind: local;
                      name: j @ 252..255 (fid = 0);
                      realname: none;
                      which: 1;
                      path: j;
                      typ: unknown;
                      typeness: implicit;
                      value: none;
                    } @ 292..293 (fid = 0);
                    op: CompGT;
                    rhs: integer 2 @ 296..297 (fid = 0);
                  } @ 292..297 (fid = 0);
                } @ 282..297 (fid = 0);
              } @ none;
              then_br: Break {
                label: label;
                expr: none;
              } @ none;
              else_br: none;
            } @ none @ none,

            Block {
              label: none;
              block: Block [
                Call {
                  callee: Symbol {
                    kind: function;
                    name: println @ 138..145 (fid = 0);
                    realname: none;
                    which: 0;
                    path: orb::println;
                    typ: unknown;
                    typeness: explicit;
                    value: none;
                  } @ 308..315 (fid = 0);
                  args: [
                    string "j = {}" @ 316..324 (fid = 0),

                    Symbol {
                      kind: local;
                      name: j @ 252..255 (fid = 0);
                      realname: none;
                      which: 1;
                      path: j;
                      typ: unknown;
                      typeness: implicit;
                      value: none;
                    } @ 326..327 (fid = 0),
                  ];
                } @ 308..328 (fid = 0) @ 308..328 (fid = 0),

                @last_expr: none,
              ] @ 298..335 (fid = 0);
            } @ none @ none,

            @last_expr: none,
          ] @ 298..335 (fid = 0);
        } @ 269..335 (fid = 0),
      ] @ 173..337 (fid = 0);
    } @ 167..337 (fid = 0);
    sym: Symbol {
      kind: function;
      name: main @ 159..163 (fid = 0);
      realname: none;
      which: 0;
      path: orb::main;
      typ: unknown;
      typeness: explicit;
      value: none;
    };
  } @ 159..337 (fid = 0),
]
"#,
        compiler_code: 0,
        test_out: "",
        test_code: 0,
    ),
    "dsir/shadowing": (
        compiler_out: "dsir = [
  GlobalDef {
    name: a @ 0..1 (fid = 0);
    mutability: not;
    typeexpr: none;
    value: integer 1 @ 5..6 (fid = 0);
    sym: Symbol {
      kind: global;
      name: a @ 0..1 (fid = 0);
      realname: none;
      which: 0;
      path: orb::a;
      typ: unknown;
      typeness: implicit;
      value: none;
    };
  } @ 0..7 (fid = 0),

  GlobalDef {
    name: b @ 9..10 (fid = 0);
    mutability: not;
    typeexpr: none;
    value: FunDefinition {
      args: [
        Arg {
          name: a @ 18..19 (fid = 0);
          typeexpr: Symbol {
            kind: global;
            name: void @ none;
            realname: none;
            which: 0;
            path: âˆ…;
            typ: type;
            typeness: explicit;
            value: Type {
              type: void;
            };
          } @ 21..25 (fid = 0);
          sym: Symbol {
            kind: argument;
            name: a @ 18..19 (fid = 0);
            realname: none;
            which: 0;
            path: a;
            typ: unknown;
            typeness: explicit;
            value: none;
          };
        } @ 18..25 (fid = 0),
      ];
      rettypeexpr: none;
      body: Block [
        BindingDef {
          name: a @ 33..34 (fid = 0);
          mutability: not;
          typeexpr: none;
          value: Block {
            label: none;
            block: Block [
              @last_expr: none,
            ] @ 38..40 (fid = 0);
          } @ 38..40 (fid = 0);
          sym: Symbol {
            kind: local;
            name: a @ 33..34 (fid = 0);
            realname: none;
            which: 0;
            path: a;
            typ: unknown;
            typeness: implicit;
            value: none;
          };
        } @ 33..40 (fid = 0),

        @last_expr: none,
      ] @ 27..43 (fid = 0);
    } @ 14..43 (fid = 0);
    sym: Symbol {
      kind: function;
      name: b @ 9..10 (fid = 0);
      realname: none;
      which: 0;
      path: orb::b;
      typ: unknown;
      typeness: explicit;
      value: none;
    };
  } @ 9..43 (fid = 0),

  GlobalDef {
    name: c @ 45..46 (fid = 0);
    mutability: not;
    typeexpr: none;
    value: FunDefinition {
      args: [];
      rettypeexpr: none;
      body: Block [
        BindingDef {
          name: d @ 62..63 (fid = 0);
          mutability: not;
          typeexpr: none;
          value: integer 1 @ 67..68 (fid = 0);
          sym: Symbol {
            kind: local;
            name: d @ 62..63 (fid = 0);
            realname: none;
            which: 0;
            path: d;
            typ: unknown;
            typeness: implicit;
            value: none;
          };
        } @ 62..68 (fid = 0),

        BindingDef {
          name: d @ 74..75 (fid = 0);
          mutability: not;
          typeexpr: none;
          value: integer 2 @ 79..80 (fid = 0);
          sym: Symbol {
            kind: local;
            name: d @ 74..75 (fid = 0);
            realname: none;
            which: 1;
            path: d;
            typ: unknown;
            typeness: implicit;
            value: none;
          };
        } @ 74..80 (fid = 0),

        @last_expr: none,
      ] @ 56..83 (fid = 0);
    } @ 50..83 (fid = 0);
    sym: Symbol {
      kind: function;
      name: c @ 45..46 (fid = 0);
      realname: none;
      which: 0;
      path: orb::c;
      typ: unknown;
      typeness: explicit;
      value: none;
    };
  } @ 45..83 (fid = 0),
]
",
        compiler_code: 0,
        test_out: "",
        test_code: 0,
    ),
    "lexer/E001": (
        compiler_out: "tokenstream = {
  {
    tt: end of file;
    loc: 49..50 (fid = 0);
    lexeme: N/A;
  },
}
error[E001]: unknown start of token: ðŸŒ’
  â”Œâ”€ ./tests/lexer/E001.lun:2:1
  â”‚
2 â”‚ ðŸŒ’
  â”‚ ^^

error[E001]: unknown start of token: $
  â”Œâ”€ ./tests/lexer/E001.lun:3:1
  â”‚
3 â”‚ $
  â”‚ ^

error[E001]: unknown start of token: @
  â”Œâ”€ ./tests/lexer/E001.lun:4:1
  â”‚
4 â”‚ @
  â”‚ ^

error[E001]: unknown start of token: ?
  â”Œâ”€ ./tests/lexer/E001.lun:5:1
  â”‚
5 â”‚ ?
  â”‚ ^

error: compilation of `E001` failed due to 4 errors and 0 warnings

",
        compiler_code: 255,
        test_out: "",
        test_code: 0,
    ),
    "lexer/E002": (
        compiler_out: r#"tokenstream = {
  {
    tt: string "\u{13}";
    loc: 45..51 (fid = 0);
    lexeme: `"\xFZ"`;
  },
  {
    tt: end of file;
    loc: 52..53 (fid = 0);
    lexeme: N/A;
  },
}
error[E002]: invalid digit in integer literal: Z
  â”Œâ”€ ./tests/lexer/E002.lun:3:5
  â”‚
3 â”‚ "\xFZ"
  â”‚    -^
  â”‚    â”‚ 
  â”‚    in this integer

error: compilation of `E002` failed due to 1 error and 0 warnings

"#,
        compiler_code: 255,
        test_out: "",
        test_code: 0,
    ),
    "lexer/E003": (
        compiler_out: "tokenstream = {
  {
    tt: integer 34028236692093846346337460743176821145;
    loc: 49..100 (fid = 0);
    lexeme: `340_282_366_920_938_463_463_374_607_431_768_211_456`;
  },
  {
    tt: integer 21267647932558653966460912964485513216;
    loc: 101..136 (fid = 0);
    lexeme: `0x100000000000000000000000000000000`;
  },
  {
    tt: integer 170141183460469231731687303715884105728;
    loc: 137..268 (fid = 0);
    lexeme: `0b100000000000000000000000000000000000000000000000000000000000000000000000000000000000000000000000000000000000000000000000000000000`;
  },
  {
    tt: integer 42535295865117307932921825928971026432;
    loc: 269..314 (fid = 0);
    lexeme: `0o4000000000000000000000000000000000000000000`;
  },
  {
    tt: end of file;
    loc: 315..316 (fid = 0);
    lexeme: N/A;
  },
}
error[E003]: integer literal is too large
  â”Œâ”€ ./tests/lexer/E003.lun:3:1
  â”‚
3 â”‚ 340_282_366_920_938_463_463_374_607_431_768_211_456
  â”‚ ^^^^^^^^^^^^^^^^^^^^^^^^^^^^^^^^^^^^^^^^^^^^^^^^^^^
  â”‚
  = integer exceeds the limit of `340282366920938463463374607431768211455`

error[E003]: integer literal is too large
  â”Œâ”€ ./tests/lexer/E003.lun:4:1
  â”‚
4 â”‚ 0x100000000000000000000000000000000
  â”‚ ^^^^^^^^^^^^^^^^^^^^^^^^^^^^^^^^^^^
  â”‚
  = integer exceeds the limit of `340282366920938463463374607431768211455`

error[E003]: integer literal is too large
  â”Œâ”€ ./tests/lexer/E003.lun:5:1
  â”‚
5 â”‚ 0b100000000000000000000000000000000000000000000000000000000000000000000000000000000000000000000000000000000000000000000000000000000
  â”‚ ^^^^^^^^^^^^^^^^^^^^^^^^^^^^^^^^^^^^^^^^^^^^^^^^^^^^^^^^^^^^^^^^^^^^^^^^^^^^^^^^^^^^^^^^^^^^^^^^^^^^^^^^^^^^^^^^^^^^^^^^^^^^^^^^^^^
  â”‚
  = integer exceeds the limit of `340282366920938463463374607431768211455`

error[E003]: integer literal is too large
  â”Œâ”€ ./tests/lexer/E003.lun:6:1
  â”‚
6 â”‚ 0o4000000000000000000000000000000000000000000
  â”‚ ^^^^^^^^^^^^^^^^^^^^^^^^^^^^^^^^^^^^^^^^^^^^^
  â”‚
  = integer exceeds the limit of `340282366920938463463374607431768211455`

error: compilation of `E003` failed due to 4 errors and 0 warnings

",
        compiler_code: 255,
        test_out: "",
        test_code: 0,
    ),
    "lexer/E004": (
        compiler_out: r#"tokenstream = {
  {
    tt: string "starting but never finishing this string literal...\n";
    loc: 51..104 (fid = 0);
    lexeme: `"starting but never finishing this string literal...
`;
  },
  {
    tt: end of file;
    loc: 104..105 (fid = 0);
    lexeme: N/A;
  },
}
error[E004]: unterminated string literal
  â”Œâ”€ ./tests/lexer/E004.lun:2:1
  â”‚  
2 â”‚ â•­ "starting but never finishing this string literal...
3 â”‚ â”‚ 
  â”‚ â•°^

error: compilation of `E004` failed due to 1 error and 0 warnings

"#,
        compiler_code: 255,
        test_out: "",
        test_code: 0,
    ),
    "lexer/E005": (
        compiler_out: r#"tokenstream = {
  {
    tt: char '\0';
    loc: 48..52 (fid = 0);
    lexeme: `'\z'`;
  },
  {
    tt: string "\0";
    loc: 53..57 (fid = 0);
    lexeme: `"\$"`;
  },
  {
    tt: end of file;
    loc: 58..59 (fid = 0);
    lexeme: N/A;
  },
}
error[E005]: unknown character escape: z
  â”Œâ”€ ./tests/lexer/E005.lun:2:1
  â”‚
2 â”‚ '\z'
  â”‚ ^^^

error[E005]: unknown character escape: $
  â”Œâ”€ ./tests/lexer/E005.lun:3:1
  â”‚
3 â”‚ "\$"
  â”‚ ^^^

error: compilation of `E005` failed due to 2 errors and 0 warnings

"#,
        compiler_code: 255,
        test_out: "",
        test_code: 0,
    ),
    "lexer/E020": (
        compiler_out: r#"tokenstream = {
  {
    tt: float 57005.745834350586;
    loc: 46..57 (fid = 0);
    lexeme: `0xDEAD.BEEF`;
  },
  {
    tt: end of file;
    loc: 58..59 (fid = 0);
    lexeme: N/A;
  },
}
error[E020]: expected exponent part of hexadecimal floating point literal, but found '\n'
  â”Œâ”€ ./tests/lexer/E020.lun:2:12
  â”‚  
2 â”‚   0xDEAD.BEEF
  â”‚   -----------
  â”‚ â•­â”€â”€â”€â”€â”€â”€â”€â”€â”€â”€â”€^
3 â”‚ â”‚ 
  â”‚ â•°^

error: compilation of `E020` failed due to 1 error and 0 warnings

"#,
        compiler_code: 255,
        test_out: "",
        test_code: 0,
    ),
    "lexer/E021": (
        compiler_out: "tokenstream = {
  {
    tt: integer 0;
    loc: 47..49 (fid = 0);
    lexeme: `0o`;
  },
  {
    tt: integer 0;
    loc: 50..52 (fid = 0);
    lexeme: `0b`;
  },
  {
    tt: integer 0;
    loc: 53..55 (fid = 0);
    lexeme: `0x`;
  },
  {
    tt: end of file;
    loc: 56..57 (fid = 0);
    lexeme: N/A;
  },
}
error[E021]: no digits found after the base
  â”Œâ”€ ./tests/lexer/E021.lun:2:1
  â”‚
2 â”‚ 0o
  â”‚ ^^

error[E021]: no digits found after the base
  â”Œâ”€ ./tests/lexer/E021.lun:3:1
  â”‚
3 â”‚ 0b
  â”‚ ^^

error[E021]: no digits found after the base
  â”Œâ”€ ./tests/lexer/E021.lun:4:1
  â”‚
4 â”‚ 0x
  â”‚ ^^

error: compilation of `E021` failed due to 3 errors and 0 warnings

",
        compiler_code: 255,
        test_out: "",
        test_code: 0,
    ),
    "lexer/E022": (
        compiler_out: r#"tokenstream = {
  {
    tt: char 'a';
    loc: 56..60 (fid = 0);
    lexeme: `'aa'`;
  },
  {
    tt: end of file;
    loc: 61..62 (fid = 0);
    lexeme: N/A;
  },
}
error[E022]: too many characters in character literal, can only contain one codepoint
  â”Œâ”€ ./tests/lexer/E022.lun:2:1
  â”‚
2 â”‚ 'aa'
  â”‚ ^^^^
  â”‚
  = if you want to write a string literal use double quotes: "

error: compilation of `E022` failed due to 1 error and 0 warnings

"#,
        compiler_code: 255,
        test_out: "",
        test_code: 0,
    ),
    "lexer/E023": (
        compiler_out: r#"tokenstream = {
  {
    tt: char '\0';
    loc: 42..44 (fid = 0);
    lexeme: `''`;
  },
  {
    tt: end of file;
    loc: 45..46 (fid = 0);
    lexeme: N/A;
  },
}
error[E023]: empty character literal
  â”Œâ”€ ./tests/lexer/E023.lun:2:1
  â”‚
2 â”‚ ''
  â”‚ ^^ expected one codepoint found zero

error: compilation of `E023` failed due to 1 error and 0 warnings

"#,
        compiler_code: 255,
        test_out: "",
        test_code: 0,
    ),
    "lexer/E024": (
        compiler_out: r#"tokenstream = {
  {
    tt: char '\0';
    loc: 44..48 (fid = 0);
    lexeme: `'\x'`;
  },
  {
    tt: string "\0";
    loc: 49..53 (fid = 0);
    lexeme: `"\x"`;
  },
  {
    tt: end of file;
    loc: 54..55 (fid = 0);
    lexeme: N/A;
  },
}
error[E024]: not enough hexadecimal digits in escape sequence
  â”Œâ”€ ./tests/lexer/E024.lun:2:1
  â”‚
2 â”‚ '\x'
  â”‚ ^^^^

error[E024]: not enough hexadecimal digits in escape sequence
  â”Œâ”€ ./tests/lexer/E024.lun:3:1
  â”‚
3 â”‚ "\x"
  â”‚ ^^^^

error: compilation of `E024` failed due to 2 errors and 0 warnings

"#,
        compiler_code: 255,
        test_out: "",
        test_code: 0,
    ),
    "lexer/E025": (
        compiler_out: r#"tokenstream = {
  {
    tt: char 'Ã¿';
    loc: 73..80 (fid = 0);
    lexeme: `'\uFF}'`;
  },
  {
    tt: string "Ã¿";
    loc: 81..88 (fid = 0);
    lexeme: `"\uFF}"`;
  },
  {
    tt: char '\0';
    loc: 107..113 (fid = 0);
    lexeme: `'\u{}'`;
  },
  {
    tt: string "\0";
    loc: 114..120 (fid = 0);
    lexeme: `"\u{}"`;
  },
  {
    tt: char '\0';
    loc: 141..180 (fid = 0);
    lexeme: `'\u{100000000000000000000000000000000}'`;
  },
  {
    tt: string "\0";
    loc: 181..220 (fid = 0);
    lexeme: `"\u{100000000000000000000000000000000}"`;
  },
  {
    tt: char '\u{f}';
    loc: 248..254 (fid = 0);
    lexeme: `'\u{F'`;
  },
  {
    tt: string "\u{f}";
    loc: 255..261 (fid = 0);
    lexeme: `"\u{F"`;
  },
  {
    tt: char '\0';
    loc: 290..300 (fid = 0);
    lexeme: `'\u{D800}'`;
  },
  {
    tt: char '\0';
    loc: 301..311 (fid = 0);
    lexeme: `'\u{D900}'`;
  },
  {
    tt: char '\0';
    loc: 312..322 (fid = 0);
    lexeme: `'\u{DFFF}'`;
  },
  {
    tt: string "\0";
    loc: 323..333 (fid = 0);
    lexeme: `"\u{D800}"`;
  },
  {
    tt: string "\0";
    loc: 334..344 (fid = 0);
    lexeme: `"\u{D8AB}"`;
  },
  {
    tt: string "\0";
    loc: 345..355 (fid = 0);
    lexeme: `"\u{DFFF}"`;
  },
  {
    tt: end of file;
    loc: 356..357 (fid = 0);
    lexeme: N/A;
  },
}
error[E025]: invalid unicode escape
  â”Œâ”€ ./tests/lexer/E025.lun:4:4
  â”‚
4 â”‚ '\uFF}'
  â”‚    ^ expected '{' after '\u'

error[E025]: invalid unicode escape
  â”Œâ”€ ./tests/lexer/E025.lun:5:4
  â”‚
5 â”‚ "\uFF}"
  â”‚    ^ expected '{' after '\u'

error[E025]: invalid unicode escape
  â”Œâ”€ ./tests/lexer/E025.lun:8:1
  â”‚
8 â”‚ '\u{}'
  â”‚ ^^^^^ this escape must have at least one hex digit

error[E025]: invalid unicode escape
  â”Œâ”€ ./tests/lexer/E025.lun:9:1
  â”‚
9 â”‚ "\u{}"
  â”‚ ^^^^^ this escape must have at least one hex digit

error[E025]: invalid unicode escape
   â”Œâ”€ ./tests/lexer/E025.lun:12:1
   â”‚
12 â”‚ '\u{100000000000000000000000000000000}'
   â”‚ ^^^^^^^^^^^^^^^^^^^^^^^^^^^^^^^^^^^^^ this hex number doesn't fit in 32 bits

error[E025]: invalid unicode escape
   â”Œâ”€ ./tests/lexer/E025.lun:13:1
   â”‚
13 â”‚ "\u{100000000000000000000000000000000}"
   â”‚ ^^^^^^^^^^^^^^^^^^^^^^^^^^^^^^^^^^^^^ this hex number doesn't fit in 32 bits

error[E025]: invalid unicode escape
   â”Œâ”€ ./tests/lexer/E025.lun:16:6
   â”‚
16 â”‚ '\u{F'
   â”‚      ^ expected '}' at the end of the unicode escape

error[E025]: invalid unicode escape
   â”Œâ”€ ./tests/lexer/E025.lun:17:6
   â”‚
17 â”‚ "\u{F"
   â”‚      ^ expected '}' at the end of the unicode escape

error[E025]: invalid unicode escape
   â”Œâ”€ ./tests/lexer/E025.lun:20:1
   â”‚
20 â”‚ '\u{D800}'
   â”‚ ^^^^^^^^^ unicode escape must not be a surrogate

error[E025]: invalid unicode escape
   â”Œâ”€ ./tests/lexer/E025.lun:21:1
   â”‚
21 â”‚ '\u{D900}'
   â”‚ ^^^^^^^^^ unicode escape must not be a surrogate

error[E025]: invalid unicode escape
   â”Œâ”€ ./tests/lexer/E025.lun:22:1
   â”‚
22 â”‚ '\u{DFFF}'
   â”‚ ^^^^^^^^^ unicode escape must not be a surrogate

error[E025]: invalid unicode escape
   â”Œâ”€ ./tests/lexer/E025.lun:23:1
   â”‚
23 â”‚ "\u{D800}"
   â”‚ ^^^^^^^^^ unicode escape must not be a surrogate

error[E025]: invalid unicode escape
   â”Œâ”€ ./tests/lexer/E025.lun:24:1
   â”‚
24 â”‚ "\u{D8AB}"
   â”‚ ^^^^^^^^^ unicode escape must not be a surrogate

error[E025]: invalid unicode escape
   â”Œâ”€ ./tests/lexer/E025.lun:25:1
   â”‚
25 â”‚ "\u{DFFF}"
   â”‚ ^^^^^^^^^ unicode escape must not be a surrogate

error: compilation of `E025` failed due to 14 errors and 0 warnings

"#,
        compiler_code: 255,
        test_out: "",
        test_code: 0,
    ),
    "lexer/char_literal": (
        compiler_out: r#"tokenstream = {
  {
    tt: char 'C';
    loc: 0..3 (fid = 0);
    lexeme: `'C'`;
  },
  {
    tt: char '\0';
    loc: 4..8 (fid = 0);
    lexeme: `'\0'`;
  },
  {
    tt: char '\n';
    loc: 9..13 (fid = 0);
    lexeme: `'\n'`;
  },
  {
    tt: char '\u{c}';
    loc: 14..18 (fid = 0);
    lexeme: `'\f'`;
  },
  {
    tt: char '\t';
    loc: 19..23 (fid = 0);
    lexeme: `'\t'`;
  },
  {
    tt: char '\u{b}';
    loc: 24..28 (fid = 0);
    lexeme: `'\v'`;
  },
  {
    tt: char '\u{7}';
    loc: 29..33 (fid = 0);
    lexeme: `'\a'`;
  },
  {
    tt: char '\u{8}';
    loc: 34..38 (fid = 0);
    lexeme: `'\b'`;
  },
  {
    tt: char '\u{1b}';
    loc: 39..43 (fid = 0);
    lexeme: `'\e'`;
  },
  {
    tt: char '\\';
    loc: 44..48 (fid = 0);
    lexeme: `'\\'`;
  },
  {
    tt: char '@';
    loc: 49..55 (fid = 0);
    lexeme: `'\x40'`;
  },
  {
    tt: char 'Ã¿';
    loc: 56..60 (fid = 0);
    lexeme: `'Ã¿'`;
  },
  {
    tt: char 'ðŸŒ’';
    loc: 61..67 (fid = 0);
    lexeme: `'ðŸŒ’'`;
  },
  {
    tt: char 'ðŸŒ’';
    loc: 68..79 (fid = 0);
    lexeme: `'\u{1F312}'`;
  },
  {
    tt: end of file;
    loc: 80..81 (fid = 0);
    lexeme: N/A;
  },
}
"#,
        compiler_code: 0,
        test_out: "",
        test_code: 0,
    ),
    "lexer/float_literal": (
        compiler_out: "tokenstream = {
  {
    tt: float 1012.3456;
    loc: 18..31 (fid = 0);
    lexeme: `1_012.345_600`;
  },
  {
    tt: float 6.0219999999999996e23;
    loc: 32..41 (fid = 0);
    lexeme: `6.022e+23`;
  },
  {
    tt: float 1.67e-27;
    loc: 42..50 (fid = 0);
    lexeme: `1.67e-27`;
  },
  {
    tt: float 0.0;
    loc: 51..53 (fid = 0);
    lexeme: `0.`;
  },
  {
    tt: float 1.2;
    loc: 54..67 (fid = 0);
    lexeme: `0001.2000e000`;
  },
  {
    tt: float 15.6;
    loc: 68..75 (fid = 0);
    lexeme: `1_5.6_0`;
  },
  {
    tt: float 0.25;
    loc: 91..97 (fid = 0);
    lexeme: `0x1p-2`;
  },
  {
    tt: float 2048.0;
    loc: 115..122 (fid = 0);
    lexeme: `0x2.p10`;
  },
  {
    tt: float 1.9375;
    loc: 141..149 (fid = 0);
    lexeme: `0x1.Fp+0`;
  },
  {
    tt: float 0.5;
    loc: 167..174 (fid = 0);
    lexeme: `0X.8p-0`;
  },
  {
    tt: float 0.1249847412109375;
    loc: 190..201 (fid = 0);
    lexeme: `0X_1FFFP-16`;
  },
  {
    tt: end of file;
    loc: 228..229 (fid = 0);
    lexeme: N/A;
  },
}
",
        compiler_code: 0,
        test_out: "",
        test_code: 0,
    ),
    "lexer/integer_literals": (
        compiler_out: "tokenstream = {
  {
    tt: integer 123456789;
    loc: 0..9 (fid = 0);
    lexeme: `123456789`;
  },
  {
    tt: integer 123456789;
    loc: 10..21 (fid = 0);
    lexeme: `123_456_789`;
  },
  {
    tt: integer 123;
    loc: 41..50 (fid = 0);
    lexeme: `0b1111011`;
  },
  {
    tt: integer 123;
    loc: 51..60 (fid = 0);
    lexeme: `0B1111011`;
  },
  {
    tt: integer 123;
    loc: 61..72 (fid = 0);
    lexeme: `0b0111_1011`;
  },
  {
    tt: integer 123;
    loc: 73..84 (fid = 0);
    lexeme: `0B0111_1011`;
  },
  {
    tt: integer 123;
    loc: 103..108 (fid = 0);
    lexeme: `0o173`;
  },
  {
    tt: integer 123;
    loc: 109..114 (fid = 0);
    lexeme: `0O173`;
  },
  {
    tt: integer 123;
    loc: 115..122 (fid = 0);
    lexeme: `0o01_73`;
  },
  {
    tt: integer 123;
    loc: 123..130 (fid = 0);
    lexeme: `0O01_73`;
  },
  {
    tt: integer 123;
    loc: 155..159 (fid = 0);
    lexeme: `0x7b`;
  },
  {
    tt: integer 123;
    loc: 160..164 (fid = 0);
    lexeme: `0X7b`;
  },
  {
    tt: integer 123;
    loc: 165..169 (fid = 0);
    lexeme: `0x7B`;
  },
  {
    tt: integer 123;
    loc: 170..174 (fid = 0);
    lexeme: `0X7B`;
  },
  {
    tt: integer 3735928559;
    loc: 175..186 (fid = 0);
    lexeme: `0xDEAD_BEEF`;
  },
  {
    tt: integer 3735928559;
    loc: 187..200 (fid = 0);
    lexeme: `0Xde_ad_be_ef`;
  },
  {
    tt: end of file;
    loc: 201..202 (fid = 0);
    lexeme: N/A;
  },
}
",
        compiler_code: 0,
        test_out: "",
        test_code: 0,
    ),
    "lexer/kw_idents": (
        compiler_out: "tokenstream = {
  {
    tt: keyword 'as';
    loc: 19..21 (fid = 0);
    lexeme: `as`;
  },
  {
    tt: keyword 'break';
    loc: 22..27 (fid = 0);
    lexeme: `break`;
  },
  {
    tt: keyword 'comptime';
    loc: 28..36 (fid = 0);
    lexeme: `comptime`;
  },
  {
    tt: keyword 'continue';
    loc: 37..45 (fid = 0);
    lexeme: `continue`;
  },
  {
    tt: keyword 'defer';
    loc: 46..51 (fid = 0);
    lexeme: `defer`;
  },
  {
    tt: keyword 'else';
    loc: 52..56 (fid = 0);
    lexeme: `else`;
  },
  {
    tt: keyword 'extern';
    loc: 57..63 (fid = 0);
    lexeme: `extern`;
  },
  {
    tt: keyword 'false';
    loc: 64..69 (fid = 0);
    lexeme: `false`;
  },
  {
    tt: keyword 'for';
    loc: 70..73 (fid = 0);
    lexeme: `for`;
  },
  {
    tt: keyword 'fun';
    loc: 74..77 (fid = 0);
    lexeme: `fun`;
  },
  {
    tt: keyword 'if';
    loc: 78..80 (fid = 0);
    lexeme: `if`;
  },
  {
    tt: keyword 'impl';
    loc: 81..85 (fid = 0);
    lexeme: `impl`;
  },
  {
    tt: keyword 'in';
    loc: 86..88 (fid = 0);
    lexeme: `in`;
  },
  {
    tt: keyword 'let';
    loc: 89..92 (fid = 0);
    lexeme: `let`;
  },
  {
    tt: keyword 'loop';
    loc: 93..97 (fid = 0);
    lexeme: `loop`;
  },
  {
    tt: keyword 'mut';
    loc: 98..101 (fid = 0);
    lexeme: `mut`;
  },
  {
    tt: keyword 'null';
    loc: 102..106 (fid = 0);
    lexeme: `null`;
  },
  {
    tt: keyword 'orb';
    loc: 107..110 (fid = 0);
    lexeme: `orb`;
  },
  {
    tt: keyword 'pub';
    loc: 111..114 (fid = 0);
    lexeme: `pub`;
  },
  {
    tt: keyword 'return';
    loc: 115..121 (fid = 0);
    lexeme: `return`;
  },
  {
    tt: keyword 'self';
    loc: 122..126 (fid = 0);
    lexeme: `self`;
  },
  {
    tt: keyword 'then';
    loc: 127..131 (fid = 0);
    lexeme: `then`;
  },
  {
    tt: keyword 'trait';
    loc: 132..137 (fid = 0);
    lexeme: `trait`;
  },
  {
    tt: keyword 'true';
    loc: 138..142 (fid = 0);
    lexeme: `true`;
  },
  {
    tt: keyword 'while';
    loc: 143..148 (fid = 0);
    lexeme: `while`;
  },
  {
    tt: ident 'foo';
    loc: 176..179 (fid = 0);
    lexeme: `foo`;
  },
  {
    tt: ident 'bar_baz';
    loc: 180..187 (fid = 0);
    lexeme: `bar_baz`;
  },
  {
    tt: ident 'FooBarBaz';
    loc: 188..197 (fid = 0);
    lexeme: `FooBarBaz`;
  },
  {
    tt: end of file;
    loc: 198..199 (fid = 0);
    lexeme: N/A;
  },
}
",
        compiler_code: 0,
        test_out: "",
        test_code: 0,
    ),
    "lexer/punctuation": (
        compiler_out: "tokenstream = {
  {
    tt: punct LParen;
    loc: 0..1 (fid = 0);
    lexeme: `(`;
  },
  {
    tt: punct RParen;
    loc: 2..3 (fid = 0);
    lexeme: `)`;
  },
  {
    tt: punct LBracket;
    loc: 4..5 (fid = 0);
    lexeme: `[`;
  },
  {
    tt: punct RBracket;
    loc: 6..7 (fid = 0);
    lexeme: `]`;
  },
  {
    tt: punct LCurly;
    loc: 8..9 (fid = 0);
    lexeme: `{`;
  },
  {
    tt: punct RCurly;
    loc: 10..11 (fid = 0);
    lexeme: `}`;
  },
  {
    tt: punct Plus;
    loc: 12..13 (fid = 0);
    lexeme: `+`;
  },
  {
    tt: punct Minus;
    loc: 14..15 (fid = 0);
    lexeme: `-`;
  },
  {
    tt: punct Star;
    loc: 16..17 (fid = 0);
    lexeme: `*`;
  },
  {
    tt: punct Slash;
    loc: 18..19 (fid = 0);
    lexeme: `/`;
  },
  {
    tt: punct Colon;
    loc: 20..21 (fid = 0);
    lexeme: `:`;
  },
  {
    tt: punct ColonColon;
    loc: 22..24 (fid = 0);
    lexeme: `::`;
  },
  {
    tt: punct Comma;
    loc: 25..26 (fid = 0);
    lexeme: `,`;
  },
  {
    tt: punct Eq;
    loc: 27..28 (fid = 0);
    lexeme: `=`;
  },
  {
    tt: punct EqEq;
    loc: 29..31 (fid = 0);
    lexeme: `==`;
  },
  {
    tt: punct BangEq;
    loc: 32..34 (fid = 0);
    lexeme: `!=`;
  },
  {
    tt: punct Bang;
    loc: 35..36 (fid = 0);
    lexeme: `!`;
  },
  {
    tt: punct LtEq;
    loc: 37..39 (fid = 0);
    lexeme: `<=`;
  },
  {
    tt: punct Lt;
    loc: 40..41 (fid = 0);
    lexeme: `<`;
  },
  {
    tt: punct LtLt;
    loc: 42..44 (fid = 0);
    lexeme: `<<`;
  },
  {
    tt: punct Gt;
    loc: 45..46 (fid = 0);
    lexeme: `>`;
  },
  {
    tt: punct GtGt;
    loc: 47..49 (fid = 0);
    lexeme: `>>`;
  },
  {
    tt: punct GtEq;
    loc: 50..52 (fid = 0);
    lexeme: `>=`;
  },
  {
    tt: punct Semi;
    loc: 53..54 (fid = 0);
    lexeme: `;`;
  },
  {
    tt: punct MinusGt;
    loc: 55..57 (fid = 0);
    lexeme: `->`;
  },
  {
    tt: punct Caret;
    loc: 58..59 (fid = 0);
    lexeme: `^`;
  },
  {
    tt: punct And;
    loc: 60..61 (fid = 0);
    lexeme: `&`;
  },
  {
    tt: punct AndAnd;
    loc: 62..64 (fid = 0);
    lexeme: `&&`;
  },
  {
    tt: punct Or;
    loc: 65..66 (fid = 0);
    lexeme: `|`;
  },
  {
    tt: punct OrOr;
    loc: 67..69 (fid = 0);
    lexeme: `||`;
  },
  {
    tt: punct Percent;
    loc: 70..71 (fid = 0);
    lexeme: `%`;
  },
  {
    tt: punct Dot;
    loc: 72..73 (fid = 0);
    lexeme: `.`;
  },
  {
    tt: punct DotStar;
    loc: 74..76 (fid = 0);
    lexeme: `.*`;
  },
  {
    tt: punct Pound;
    loc: 77..78 (fid = 0);
    lexeme: `#`;
  },
  {
    tt: end of file;
    loc: 79..80 (fid = 0);
    lexeme: N/A;
  },
}
",
        compiler_code: 0,
        test_out: "",
        test_code: 0,
    ),
    "lexer/specialized_literals": (
        compiler_out: r#"tokenstream = {
  {
    tt: char 'C';
    tag: "a7";
    loc: 28..33 (fid = 0);
    lexeme: `a7'C'`;
  },
  {
    tt: c_string "Hello, world! This string is a null terminated string";
    loc: 65..121 (fid = 0);
    lexeme: `c"Hello, world! This string is a null terminated string"`;
  },
  {
    tt: string "no escapes \\n\\r";
    tag: "r";
    loc: 169..187 (fid = 0);
    lexeme: `r"no escapes \n\r"`;
  },
  {
    tt: integer 123456;
    tag: "usz";
    loc: 220..231 (fid = 0);
    lexeme: `123_456'usz`;
  },
  {
    tt: float 12345678.9;
    tag: "f64";
    loc: 262..280 (fid = 0);
    lexeme: `123_456.789e+2'f64`;
  },
  {
    tt: char '\0';
    tag: "fun";
    loc: 353..360 (fid = 0);
    lexeme: `fun'\0'`;
  },
  {
    tt: string "Hello";
    tag: "orb";
    loc: 409..419 (fid = 0);
    lexeme: `orb"Hello"`;
  },
  {
    tt: integer 343569;
    tag: "let";
    loc: 435..446 (fid = 0);
    lexeme: `3435_69'let`;
  },
  {
    tt: float 6.9;
    tag: "comptime";
    loc: 469..481 (fid = 0);
    lexeme: `6.9'comptime`;
  },
  {
    tt: end of file;
    loc: 482..483 (fid = 0);
    lexeme: N/A;
  },
}
"#,
        compiler_code: 0,
        test_out: "",
        test_code: 0,
    ),
    "lexer/string_literal": (
        compiler_out: r#"tokenstream = {
  {
    tt: string "Hello, world\n";
    loc: 0..16 (fid = 0);
    lexeme: `"Hello, world\n"`;
  },
  {
    tt: string "\0 \n \r \u{c} \t \u{b} \u{7} \u{8} \u{1b} \\ Ã¿";
    loc: 17..53 (fid = 0);
    lexeme: `"\0 \n \r \f \t \v \a \b \e \\ \xFF"`;
  },
  {
    tt: string "'we can use simple quotes inside a string'";
    loc: 54..98 (fid = 0);
    lexeme: `"'we can use simple quotes inside a string'"`;
  },
  {
    tt: string "string support UTF-8: Ã¿, ðŸŒ’ etc..";
    loc: 99..137 (fid = 0);
    lexeme: `"string support UTF-8: Ã¿, ðŸŒ’ etc.."`;
  },
  {
    tt: string "and supports unicode escape; Lun: ðŸŒ’";
    loc: 138..183 (fid = 0);
    lexeme: `"and supports unicode escape; Lun: \u{1f312}"`;
  },
  {
    tt: end of file;
    loc: 184..185 (fid = 0);
    lexeme: N/A;
  },
}
"#,
        compiler_code: 0,
        test_out: "",
        test_code: 0,
    ),
    "multifile/lib": (
        compiler_out: "panicked at compiler/lunc/src/lib.rs:835:5:
not yet implemented: IMPLEMENT SIR AND THE FOLLOWING

note: run with `RUST_BACKTRACE=1` environment variable to display a backtrace
BUG: internal compiler error: unexpected panic.
  = note: we would appreciate a bug report on https://github.com/lunprog/lun/issues/new
  = note: lunc 0.1.0 (4d2fe0c2 2025-10-26)
",
        compiler_code: 101,
        test_out: "",
        test_code: 0,
    ),
    "parser/E006_binop_expr_resilience_1": (
        compiler_out: "ast = [
  GlobalDef {
    name: a @ 51..52 (fid = 0);
    mutability: not;
    typeexpr: none;
    value: FunDefinition {
      args: [];
      rettypeexpr: none;
      body: Block [
        BindingDef {
          name: b @ 72..73 (fid = 0);
          mutability: not;
          typeexpr: none;
          value: Binary {
            lhs: integer 1 @ 76..77 (fid = 0);
            op: Add;
            rhs: Null @ 0..0 (fid = 0);
          } @ 76..0 (fid = 0);
        } @ 68..0 (fid = 0),

        @last_expr: none,
      ] @ 62..86 (fid = 0);
    } @ 56..86 (fid = 0);
  } @ 51..86 (fid = 0),
]
error[E006]: expected `(`, found `;`
  â”Œâ”€ ./tests/parser/E006_binop_expr_resilience_1.lun:4:20
  â”‚
4 â”‚     let b = 1 + fun;
  â”‚                    ^

error: compilation of `E006_binop_expr_resilience_1` failed due to 1 error and 0 warnings

",
        compiler_code: 255,
        test_out: "",
        test_code: 0,
    ),
    "parser/E006_block_1": (
        compiler_out: "ast = [
  GlobalDef {
    name: a @ 39..40 (fid = 0);
    mutability: not;
    typeexpr: none;
    value: PredicateLoop {
      label: none;
      cond: boolean true @ 50..54 (fid = 0);
      body: Block [
        @last_expr: none,
      ] @ 0..0 (fid = 0);
    } @ 44..0 (fid = 0);
  } @ 39..0 (fid = 0),
]
error[E006]: expected `{`, found identifier
  â”Œâ”€ ./tests/parser/E006_block_1.lun:2:17
  â”‚
2 â”‚ a :: while true b;
  â”‚                 ^

error: compilation of `E006_block_1` failed due to 1 error and 0 warnings

",
        compiler_code: 255,
        test_out: "",
        test_code: 0,
    ),
    "parser/E006_block_2": (
        compiler_out: "ast = [
  GlobalDef {
    name: a @ 39..40 (fid = 0);
    mutability: not;
    typeexpr: none;
    value: Block [
      BindingDef {
        name: a @ 50..51 (fid = 0);
        mutability: not;
        typeexpr: none;
        value: integer 12 @ 55..57 (fid = 0);
      } @ 50..57 (fid = 0),

      @last_expr: none,
    ] @ 44..59 (fid = 0) @ 44..59 (fid = 0);
  } @ 39..59 (fid = 0),
]
error[E006]: expected `;`, found `}`
  â”Œâ”€ ./tests/parser/E006_block_2.lun:4:1
  â”‚
3 â”‚     a := 12
  â”‚          -- help: add `;` after this token
4 â”‚ };
  â”‚ ^ unexpected `}`

error: compilation of `E006_block_2` failed due to 1 error and 0 warnings

",
        compiler_code: 255,
        test_out: "",
        test_code: 0,
    ),
    "parser/E006_block_3": (
        compiler_out: "ast = []
error[E006]: expected `;`, found identifier
  â”Œâ”€ ./tests/parser/E006_block_3.lun:4:5
  â”‚
3 â”‚     a
  â”‚     - help: add `;` after this token
4 â”‚     b
  â”‚     ^ unexpected identifier

error: compilation of `E006_block_3` failed due to 1 error and 0 warnings

",
        compiler_code: 255,
        test_out: "",
        test_code: 0,
    ),
    "parser/E006_block_4": (
        compiler_out: "ast = [
  GlobalDef {
    name: a @ 39..40 (fid = 0);
    mutability: not;
    typeexpr: none;
    value: Block [
      Defer {
        expr: path a @ 56..57 (fid = 0);
      } @ 50..57 (fid = 0),

      @last_expr: path b @ 62..63 (fid = 0),
    ] @ 44..65 (fid = 0) @ 44..65 (fid = 0);
  } @ 39..65 (fid = 0),
]
error[E006]: expected `;`, found identifier
  â”Œâ”€ ./tests/parser/E006_block_4.lun:4:5
  â”‚
3 â”‚     defer a
  â”‚           - help: add `;` after this token
4 â”‚     b
  â”‚     ^ unexpected identifier

error: compilation of `E006_block_4` failed due to 1 error and 0 warnings

",
        compiler_code: 255,
        test_out: "",
        test_code: 0,
    ),
    "parser/E006_block_5": (
        compiler_out: "ast = []
error[E006]: expected `}`, found end of file
  â”Œâ”€ ./tests/parser/E006_block_5.lun:3:1
  â”‚
3 â”‚ 
  â”‚ ^

error: compilation of `E006_block_5` failed due to 1 error and 0 warnings

",
        compiler_code: 255,
        test_out: "",
        test_code: 0,
    ),
    "parser/E006_block_resilience_1": (
        compiler_out: "ast = [
  GlobalDef {
    name: a @ 51..52 (fid = 0);
    mutability: not;
    typeexpr: none;
    value: Block [
      BindingDef {
        name: a @ 62..63 (fid = 0);
        mutability: not;
        typeexpr: none;
        value: integer 12 @ 67..69 (fid = 0);
      } @ 62..69 (fid = 0),

      BindingDef {
        name: a @ 74..75 (fid = 0);
        mutability: not;
        typeexpr: none;
        value: integer 12 @ 79..81 (fid = 0);
      } @ 74..81 (fid = 0),

      Binary {
        lhs: path f @ 87..88 (fid = 0);
        op: Add;
        rhs: Null @ 0..0 (fid = 0);
      } @ 87..0 (fid = 0) @ 87..0 (fid = 0),

      @last_expr: none,
    ] @ 56..94 (fid = 0) @ 56..94 (fid = 0);
  } @ 51..94 (fid = 0),
]
error[E006]: expected `;`, found identifier
  â”Œâ”€ ./tests/parser/E006_block_resilience_1.lun:5:5
  â”‚
4 â”‚     a := 12
  â”‚          -- help: add `;` after this token
5 â”‚     a := 12;
  â”‚     ^ unexpected identifier

error[E006]: expected expression, found `+`
  â”Œâ”€ ./tests/parser/E006_block_resilience_1.lun:6:8
  â”‚
6 â”‚     f ++;
  â”‚        ^

error: compilation of `E006_block_resilience_1` failed due to 2 errors and 0 warnings

",
        compiler_code: 255,
        test_out: "",
        test_code: 0,
    ),
    "parser/E006_borrow_expr_resilience_1": (
        compiler_out: "ast = [
  GlobalDef {
    name: a @ 51..52 (fid = 0);
    mutability: not;
    typeexpr: none;
    value: Block [
      BindingDef {
        name: b @ 66..67 (fid = 0);
        mutability: not;
        typeexpr: none;
        value: Borrow {
          mutability: not;
          expr: Null @ 0..0 (fid = 0);
        } @ 70..0 (fid = 0);
      } @ 62..0 (fid = 0),

      @last_expr: none,
    ] @ 56..77 (fid = 0) @ 56..77 (fid = 0);
  } @ 51..77 (fid = 0),
]
error[E006]: expected `(`, found `;`
  â”Œâ”€ ./tests/parser/E006_borrow_expr_resilience_1.lun:4:17
  â”‚
4 â”‚     let b = &fun;
  â”‚                 ^

error: compilation of `E006_borrow_expr_resilience_1` failed due to 1 error and 0 warnings

",
        compiler_code: 255,
        test_out: "",
        test_code: 0,
    ),
    "parser/E006_break": (
        compiler_out: "ast = [
  GlobalDef {
    name: a @ 39..40 (fid = 0);
    mutability: not;
    typeexpr: none;
    value: Break {
      label: ï¿½;
      expr: none;
    } @ 44..0 (fid = 0);
  } @ 39..54 (fid = 0),
]
error[E006]: expected identifier, found integer literal
  â”Œâ”€ ./tests/parser/E006_break.lun:2:13
  â”‚
2 â”‚ a :: break :12;
  â”‚             ^^

error: compilation of `E006_break` failed due to 1 error and 0 warnings

",
        compiler_code: 255,
        test_out: "",
        test_code: 0,
    ),
    "parser/E006_break_expr_resilience_1": (
        compiler_out: "ast = [
  GlobalDef {
    name: a @ 51..52 (fid = 0);
    mutability: not;
    typeexpr: none;
    value: Block [
      Break {
        label: ï¿½;
        expr: integer 2 @ 71..72 (fid = 0);
      } @ 62..72 (fid = 0) @ 62..72 (fid = 0),

      @last_expr: none,
    ] @ 56..75 (fid = 0) @ 56..75 (fid = 0);
  } @ 51..75 (fid = 0),
]
error[E006]: expected identifier, found integer literal
  â”Œâ”€ ./tests/parser/E006_break_expr_resilience_1.lun:4:12
  â”‚
4 â”‚     break :1 2;
  â”‚            ^

error: compilation of `E006_break_expr_resilience_1` failed due to 1 error and 0 warnings

",
        compiler_code: 255,
        test_out: "",
        test_code: 0,
    ),
    "parser/E006_break_expr_resilience_2": (
        compiler_out: "ast = [
  GlobalDef {
    name: a @ 51..52 (fid = 0);
    mutability: not;
    typeexpr: none;
    value: Block [
      Break {
        label: a;
        expr: Null @ 0..0 (fid = 0);
      } @ 62..0 (fid = 0) @ 62..0 (fid = 0),

      @last_expr: none,
    ] @ 56..77 (fid = 0) @ 56..77 (fid = 0);
  } @ 51..77 (fid = 0),
]
error[E006]: expected `(`, found `;`
  â”Œâ”€ ./tests/parser/E006_break_expr_resilience_2.lun:4:17
  â”‚
4 â”‚     break :a fun;
  â”‚                 ^

error: compilation of `E006_break_expr_resilience_2` failed due to 1 error and 0 warnings

",
        compiler_code: 255,
        test_out: "",
        test_code: 0,
    ),
    "parser/E006_call_expr_resilience_1": (
        compiler_out: "ast = [
  GlobalDef {
    name: a @ 51..52 (fid = 0);
    mutability: not;
    typeexpr: none;
    value: FunDefinition {
      args: [];
      rettypeexpr: none;
      body: Block [
        BindingDef {
          name: b @ 72..73 (fid = 0);
          mutability: not;
          typeexpr: none;
          value: Call {
            callee: path a @ 76..77 (fid = 0);
            args: [];
          } @ 76..91 (fid = 0);
        } @ 68..91 (fid = 0),

        @last_expr: none,
      ] @ 62..94 (fid = 0);
    } @ 56..94 (fid = 0);
  } @ 51..94 (fid = 0),
]
error[E006]: expected `(`, found identifier
  â”Œâ”€ ./tests/parser/E006_call_expr_resilience_1.lun:4:19
  â”‚
4 â”‚     let b = a(fun mod, fun);
  â”‚                   ^^^

error[E006]: expected `(`, found `)`
  â”Œâ”€ ./tests/parser/E006_call_expr_resilience_1.lun:4:27
  â”‚
4 â”‚     let b = a(fun mod, fun);
  â”‚                           ^

error: compilation of `E006_call_expr_resilience_1` failed due to 2 errors and 0 warnings

",
        compiler_code: 255,
        test_out: "",
        test_code: 0,
    ),
    "parser/E006_call_expr_resilience_2": (
        compiler_out: "ast = [
  GlobalDef {
    name: a @ 51..52 (fid = 0);
    mutability: not;
    typeexpr: none;
    value: FunDefinition {
      args: [];
      rettypeexpr: none;
      body: Block [
        BindingDef {
          name: b @ 72..73 (fid = 0);
          mutability: not;
          typeexpr: none;
          value: Call {
            callee: path a @ 76..77 (fid = 0);
            args: [
              integer 1 @ 78..79 (fid = 0),
            ];
          } @ 76..84 (fid = 0);
        } @ 68..84 (fid = 0),

        @last_expr: none,
      ] @ 62..87 (fid = 0);
    } @ 56..87 (fid = 0);
  } @ 51..87 (fid = 0),
]
error[E006]: expected `)` or `,`, found identifier
  â”Œâ”€ ./tests/parser/E006_call_expr_resilience_2.lun:4:17
  â”‚
4 â”‚     let b = a(1 b 2);
  â”‚                 ^

error: compilation of `E006_call_expr_resilience_2` failed due to 1 error and 0 warnings

",
        compiler_code: 255,
        test_out: "",
        test_code: 0,
    ),
    "parser/E006_continue": (
        compiler_out: r#"ast = [
  GlobalDef {
    name: a @ 39..40 (fid = 0);
    mutability: not;
    typeexpr: none;
    value: Continue {
      label: ï¿½;
    } @ 44..0 (fid = 0);
  } @ 39..57 (fid = 0),
]
error[E006]: expected identifier, found string literal
  â”Œâ”€ ./tests/parser/E006_continue.lun:2:16
  â”‚
2 â”‚ a :: continue :"";
  â”‚                ^^

error: compilation of `E006_continue` failed due to 1 error and 0 warnings

"#,
        compiler_code: 255,
        test_out: "",
        test_code: 0,
    ),
    "parser/E006_continue_expr_resilience_1": (
        compiler_out: "ast = [
  GlobalDef {
    name: a @ 51..52 (fid = 0);
    mutability: not;
    typeexpr: none;
    value: Block [
      Continue {
        label: ï¿½;
      } @ 62..0 (fid = 0) @ 62..0 (fid = 0),

      @last_expr: none,
    ] @ 56..76 (fid = 0) @ 56..76 (fid = 0);
  } @ 51..76 (fid = 0),
]
error[E006]: expected identifier, found integer literal
  â”Œâ”€ ./tests/parser/E006_continue_expr_resilience_1.lun:4:15
  â”‚
4 â”‚     continue :1;
  â”‚               ^

error: compilation of `E006_continue_expr_resilience_1` failed due to 1 error and 0 warnings

",
        compiler_code: 255,
        test_out: "",
        test_code: 0,
    ),
    "parser/E006_expr_1": (
        compiler_out: "ast = []
error[E006]: expected expression, found keyword `defer`
  â”Œâ”€ ./tests/parser/E006_expr_1.lun:2:6
  â”‚
2 â”‚ a :: defer;
  â”‚      ^^^^^

error: compilation of `E006_expr_1` failed due to 1 error and 0 warnings

",
        compiler_code: 255,
        test_out: "",
        test_code: 0,
    ),
    "parser/E006_extern_block_1": (
        compiler_out: "ast = []
error[E006]: expected string literal, found integer literal
  â”Œâ”€ ./tests/parser/E006_extern_block_1.lun:2:8
  â”‚
2 â”‚ extern 12
  â”‚        ^^

error: compilation of `E006_extern_block_1` failed due to 1 error and 0 warnings

",
        compiler_code: 255,
        test_out: "",
        test_code: 0,
    ),
    "parser/E006_extern_block_2": (
        compiler_out: r#"ast = [
  ExternBlock {
    abi: C;
    items: [];
  } @ 39..53 (fid = 0),
]
error[E006]: expected `{`, found identifier
  â”Œâ”€ ./tests/parser/E006_extern_block_2.lun:2:12
  â”‚
2 â”‚ extern "C" a
  â”‚            ^

error[E006]: expected `}`, found end of file
  â”Œâ”€ ./tests/parser/E006_extern_block_2.lun:3:1
  â”‚
3 â”‚ 
  â”‚ ^

error: compilation of `E006_extern_block_2` failed due to 2 errors and 0 warnings

"#,
        compiler_code: 255,
        test_out: "",
        test_code: 0,
    ),
    "parser/E006_extern_block_3": (
        compiler_out: "ast = [
  ExternBlock {
    abi: C;
    items: [];
  } @ 39..53 (fid = 0),
]
error[E006]: expected `}`, found end of file
  â”Œâ”€ ./tests/parser/E006_extern_block_3.lun:3:1
  â”‚
3 â”‚ 
  â”‚ ^

error: compilation of `E006_extern_block_3` failed due to 1 error and 0 warnings

",
        compiler_code: 255,
        test_out: "",
        test_code: 0,
    ),
    "parser/E006_extern_block_resilience_1": (
        compiler_out: "ast = [
  ExternBlock {
    abi: C;
    items: [
      GlobalDef {
        name: a @ 68..69 (fid = 0);
        mutability: not;
        typeexpr: none;
        value: integer 12 @ 73..75 (fid = 0);
      } @ 68..75 (fid = 0),

      GlobalDef {
        name: b @ 81..82 (fid = 0);
        mutability: not;
        typeexpr: none;
        value: path imfine @ 86..92 (fid = 0);
      } @ 81..93 (fid = 0),
    ];
  } @ 51..95 (fid = 0),
]
error[E006]: expected `;`, found identifier
  â”Œâ”€ ./tests/parser/E006_extern_block_resilience_1.lun:6:5
  â”‚
4 â”‚     a :: 12
  â”‚          -- help: add `;` after this token
5 â”‚ 
6 â”‚     b :: imfine;
  â”‚     ^ unexpected identifier

error: compilation of `E006_extern_block_resilience_1` failed due to 1 error and 0 warnings

",
        compiler_code: 255,
        test_out: "",
        test_code: 0,
    ),
    "parser/E006_extern_block_resilience_2": (
        compiler_out: r#"ast = [
  ExternBlock {
    abi: C;
    items: [
      GlobalDef {
        name: b @ 65..66 (fid = 0);
        mutability: not;
        typeexpr: none;
        value: path imfine @ 70..76 (fid = 0);
      } @ 65..77 (fid = 0),
    ];
  } @ 51..79 (fid = 0),
]
error[E006]: expected `{`, found identifier
  â”Œâ”€ ./tests/parser/E006_extern_block_resilience_2.lun:3:12
  â”‚
3 â”‚ extern "C" a
  â”‚            ^

error[E006]: expected `}`, found end of file
  â”Œâ”€ ./tests/parser/E006_extern_block_resilience_2.lun:6:1
  â”‚
6 â”‚ 
  â”‚ ^

error: compilation of `E006_extern_block_resilience_2` failed due to 2 errors and 0 warnings

"#,
        compiler_code: 255,
        test_out: "",
        test_code: 0,
    ),
    "parser/E006_extern_block_resilience_3": (
        compiler_out: "ast = [
  GlobalDef {
    name: b @ 79..80 (fid = 0);
    mutability: not;
    typeexpr: none;
    value: path imfine @ 84..90 (fid = 0);
  } @ 79..91 (fid = 0),
]
error[E006]: expected string literal, found integer literal
  â”Œâ”€ ./tests/parser/E006_extern_block_resilience_3.lun:3:8
  â”‚
3 â”‚ extern 1
  â”‚        ^

error: compilation of `E006_extern_block_resilience_3` failed due to 1 error and 0 warnings

",
        compiler_code: 255,
        test_out: "",
        test_code: 0,
    ),
    "parser/E006_field_expr_resilience_1": (
        compiler_out: "ast = [
  GlobalDef {
    name: a @ 51..52 (fid = 0);
    mutability: not;
    typeexpr: none;
    value: Block [
      BindingDef {
        name: b @ 66..67 (fid = 0);
        mutability: not;
        typeexpr: none;
        value: Field {
          expr: path field @ 70..75 (fid = 0);
          member: ï¿½;
        } @ 70..77 (fid = 0);
      } @ 62..77 (fid = 0),

      @last_expr: none,
    ] @ 56..80 (fid = 0) @ 56..80 (fid = 0);
  } @ 51..80 (fid = 0),
]
error[E006]: expected identifier, found integer literal
  â”Œâ”€ ./tests/parser/E006_field_expr_resilience_1.lun:4:19
  â”‚
4 â”‚     let b = field.1;
  â”‚                   ^

error: compilation of `E006_field_expr_resilience_1` failed due to 1 error and 0 warnings

",
        compiler_code: 255,
        test_out: "",
        test_code: 0,
    ),
    "parser/E006_for_expr_resilience_1": (
        compiler_out: "ast = [
  GlobalDef {
    name: a @ 51..52 (fid = 0);
    mutability: not;
    typeexpr: none;
    value: Block [
      @last_expr: IteratorLoop {
        label: none;
        variable: ï¿½;
        iterator: integer 2 @ 71..72 (fid = 0);
        body: Block [
          @last_expr: none,
        ] @ 73..75 (fid = 0);
      } @ 62..75 (fid = 0),
    ] @ 56..77 (fid = 0) @ 56..77 (fid = 0);
  } @ 51..77 (fid = 0),
]
error[E006]: expected identifier, found integer literal
  â”Œâ”€ ./tests/parser/E006_for_expr_resilience_1.lun:4:9
  â”‚
4 â”‚     for 1 in 2 {}
  â”‚         ^

error: compilation of `E006_for_expr_resilience_1` failed due to 1 error and 0 warnings

",
        compiler_code: 255,
        test_out: "",
        test_code: 0,
    ),
    "parser/E006_for_expr_resilience_2": (
        compiler_out: "ast = [
  GlobalDef {
    name: a @ 51..52 (fid = 0);
    mutability: not;
    typeexpr: none;
    value: Block [
      @last_expr: IteratorLoop {
        label: none;
        variable: a;
        iterator: integer 2 @ 72..73 (fid = 0);
        body: Block [
          @last_expr: none,
        ] @ 74..76 (fid = 0);
      } @ 62..76 (fid = 0),
    ] @ 56..78 (fid = 0) @ 56..78 (fid = 0);
  } @ 51..78 (fid = 0),
]
error[E006]: expected keyword `in`, found identifier
  â”Œâ”€ ./tests/parser/E006_for_expr_resilience_2.lun:4:11
  â”‚
4 â”‚     for a i_n 2 {}
  â”‚           ^^^

error: compilation of `E006_for_expr_resilience_2` failed due to 1 error and 0 warnings

",
        compiler_code: 255,
        test_out: "",
        test_code: 0,
    ),
    "parser/E006_for_expr_resilience_3": (
        compiler_out: "ast = [
  GlobalDef {
    name: a @ 51..52 (fid = 0);
    mutability: not;
    typeexpr: none;
    value: Block [
      @last_expr: IteratorLoop {
        label: none;
        variable: a;
        iterator: Null @ 0..0 (fid = 0);
        body: Block [
          @last_expr: none,
        ] @ 75..77 (fid = 0);
      } @ 62..77 (fid = 0),
    ] @ 56..79 (fid = 0) @ 56..79 (fid = 0);
  } @ 51..79 (fid = 0),
]
error[E006]: expected `(`, found `{`
  â”Œâ”€ ./tests/parser/E006_for_expr_resilience_3.lun:4:18
  â”‚
4 â”‚     for a in fun {}
  â”‚                  ^

error: compilation of `E006_for_expr_resilience_3` failed due to 1 error and 0 warnings

",
        compiler_code: 255,
        test_out: "",
        test_code: 0,
    ),
    "parser/E006_for_expr_resilience_4": (
        compiler_out: "ast = [
  GlobalDef {
    name: a @ 51..52 (fid = 0);
    mutability: not;
    typeexpr: none;
    value: Block [
      @last_expr: IteratorLoop {
        label: none;
        variable: a;
        iterator: path b @ 71..72 (fid = 0);
        body: Block [
          @last_expr: none,
        ] @ 0..0 (fid = 0);
      } @ 62..0 (fid = 0),
    ] @ 56..76 (fid = 0) @ 56..76 (fid = 0);
  } @ 51..76 (fid = 0),
]
error[E006]: expected `{`, found `}`
  â”Œâ”€ ./tests/parser/E006_for_expr_resilience_4.lun:4:16
  â”‚
4 â”‚     for a in b }
  â”‚                ^

error: compilation of `E006_for_expr_resilience_4` failed due to 1 error and 0 warnings

",
        compiler_code: 255,
        test_out: "",
        test_code: 0,
    ),
    "parser/E006_funcall_expr": (
        compiler_out: "ast = [
  GlobalDef {
    name: a @ 39..40 (fid = 0);
    mutability: not;
    typeexpr: none;
    value: Call {
      callee: path call @ 44..48 (fid = 0);
      args: [
        integer 12 @ 49..51 (fid = 0),
      ];
    } @ 44..55 (fid = 0);
  } @ 39..56 (fid = 0),
]
error[E006]: expected `)` or `,`, found integer literal
  â”Œâ”€ ./tests/parser/E006_funcall_expr.lun:2:14
  â”‚
2 â”‚ a :: call(12 12);
  â”‚              ^^

error: compilation of `E006_funcall_expr` failed due to 1 error and 0 warnings

",
        compiler_code: 255,
        test_out: "",
        test_code: 0,
    ),
    "parser/E006_fundecl_expr_resilience_1": (
        compiler_out: "ast = [
  GlobalDef {
    name: a @ 51..52 (fid = 0);
    mutability: not;
    typeexpr: none;
    value: FunDeclaration {
      args: [];
      rettypeexpr: none;
    } @ 56..61 (fid = 0);
  } @ 51..67 (fid = 0),
]
error[E006]: expected expression, found `.`
  â”Œâ”€ ./tests/parser/E006_fundecl_expr_resilience_1.lun:3:15
  â”‚
3 â”‚ a :: fun() -> .;
  â”‚               ^

error: compilation of `E006_fundecl_expr_resilience_1` failed due to 1 error and 0 warnings

",
        compiler_code: 255,
        test_out: "",
        test_code: 0,
    ),
    "parser/E006_fundecl_expr_resilience_2": (
        compiler_out: "ast = [
  GlobalDef {
    name: a @ 51..52 (fid = 0);
    mutability: not;
    typeexpr: none;
    value: FunDeclaration {
      args: [
        path u32 @ 60..63 (fid = 0),

        PointerType {
          mutability: mut;
          typeexpr: path void @ 75..79 (fid = 0);
        } @ 70..79 (fid = 0),
      ];
      rettypeexpr: none;
    } @ 56..81 (fid = 0);
  } @ 51..81 (fid = 0),
]
error[E006]: expected expression, found `.`
  â”Œâ”€ ./tests/parser/E006_fundecl_expr_resilience_2.lun:3:15
  â”‚
3 â”‚ a :: fun(u32, . ., *mut void);
  â”‚               ^

error: compilation of `E006_fundecl_expr_resilience_2` failed due to 1 error and 0 warnings

",
        compiler_code: 255,
        test_out: "",
        test_code: 0,
    ),
    "parser/E006_fundecl_expr_resilience_3": (
        compiler_out: "ast = [
  GlobalDef {
    name: a @ 51..52 (fid = 0);
    mutability: not;
    typeexpr: none;
    value: FunDeclaration {
      args: [
        path u32 @ 60..63 (fid = 0),
      ];
      rettypeexpr: none;
    } @ 56..67 (fid = 0);
  } @ 51..70 (fid = 0),
]
error[E006]: expected expression, found `.`
  â”Œâ”€ ./tests/parser/E006_fundecl_expr_resilience_3.lun:3:18
  â”‚
3 â”‚ a :: fun(u32) -> .;
  â”‚                  ^

error: compilation of `E006_fundecl_expr_resilience_3` failed due to 1 error and 0 warnings

",
        compiler_code: 255,
        test_out: "",
        test_code: 0,
    ),
    "parser/E006_fundef_expr_resilience_1": (
        compiler_out: "ast = [
  GlobalDef {
    name: a @ 51..52 (fid = 0);
    mutability: not;
    typeexpr: none;
    value: FunDefinition {
      args: [
        Arg {
          name: a @ 60..61 (fid = 0);
          typeexpr: path u8 @ 63..65 (fid = 0);
        } @ 60..65 (fid = 0),

        Arg {
          name: ï¿½ @ 65..66 (fid = 0);
          typeexpr: Binary {
            lhs: integer 1 @ 67..68 (fid = 0);
            op: BitwiseXor;
            rhs: path d @ 69..70 (fid = 0);
          } @ 67..70 (fid = 0);
        } @ 65..70 (fid = 0),

        Arg {
          name: c @ 72..73 (fid = 0);
          typeexpr: path u16 @ 75..78 (fid = 0);
        } @ 72..78 (fid = 0),
      ];
      rettypeexpr: none;
      body: Block [
        @last_expr: none,
      ] @ 80..82 (fid = 0);
    } @ 56..82 (fid = 0);
  } @ 51..82 (fid = 0),
]
error[E006]: expected `)` or identifier, found integer literal
  â”Œâ”€ ./tests/parser/E006_fundef_expr_resilience_1.lun:3:17
  â”‚
3 â”‚ a :: fun(a: u8, 1^d, c: u16) {};
  â”‚                 ^

error[E006]: expected `:`, found integer literal
  â”Œâ”€ ./tests/parser/E006_fundef_expr_resilience_1.lun:3:17
  â”‚
3 â”‚ a :: fun(a: u8, 1^d, c: u16) {};
  â”‚                 ^

error: compilation of `E006_fundef_expr_resilience_1` failed due to 2 errors and 0 warnings

",
        compiler_code: 255,
        test_out: "",
        test_code: 0,
    ),
    "parser/E006_fundef_expr_resilience_2": (
        compiler_out: "ast = [
  GlobalDef {
    name: a @ 51..52 (fid = 0);
    mutability: not;
    typeexpr: none;
    value: FunDefinition {
      args: [
        Arg {
          name: a @ 60..61 (fid = 0);
          typeexpr: path u8 @ 63..65 (fid = 0);
        } @ 60..65 (fid = 0),
      ];
      rettypeexpr: none;
      body: Block [
        @last_expr: none,
      ] @ 0..0 (fid = 0);
    } @ 56..0 (fid = 0);
  } @ 51..0 (fid = 0),
]
error[E006]: expected `{`, found `}`
  â”Œâ”€ ./tests/parser/E006_fundef_expr_resilience_2.lun:3:17
  â”‚
3 â”‚ a :: fun(a: u8) };
  â”‚                 ^

error: compilation of `E006_fundef_expr_resilience_2` failed due to 1 error and 0 warnings

",
        compiler_code: 255,
        test_out: "",
        test_code: 0,
    ),
    "parser/E006_fundef_expr_resilience_3": (
        compiler_out: "ast = [
  GlobalDef {
    name: a @ 51..52 (fid = 0);
    mutability: not;
    typeexpr: none;
    value: FunDefinition {
      args: [
        Arg {
          name: a @ 60..61 (fid = 0);
          typeexpr: path u32 @ 63..66 (fid = 0);
        } @ 60..66 (fid = 0),
      ];
      rettypeexpr: none;
      body: Block [
        @last_expr: none,
      ] @ 73..75 (fid = 0);
    } @ 56..75 (fid = 0);
  } @ 51..75 (fid = 0),
]
error[E006]: expected expression, found `.`
  â”Œâ”€ ./tests/parser/E006_fundef_expr_resilience_3.lun:3:21
  â”‚
3 â”‚ a :: fun(a: u32) -> . {};
  â”‚                     ^

error: compilation of `E006_fundef_expr_resilience_3` failed due to 1 error and 0 warnings

",
        compiler_code: 255,
        test_out: "",
        test_code: 0,
    ),
    "parser/E006_fundef_expr_resilience_4": (
        compiler_out: "ast = [
  GlobalDef {
    name: a @ 51..52 (fid = 0);
    mutability: not;
    typeexpr: none;
    value: FunDefinition {
      args: [];
      rettypeexpr: none;
      body: Block [
        @last_expr: none,
      ] @ 0..0 (fid = 0);
    } @ 56..0 (fid = 0);
  } @ 51..0 (fid = 0),
]
error[E006]: expected `{`, found identifier
  â”Œâ”€ ./tests/parser/E006_fundef_expr_resilience_4.lun:3:12
  â”‚
3 â”‚ a :: fun() d }
  â”‚            ^

error[E006]: expected item, found `}`
  â”Œâ”€ ./tests/parser/E006_fundef_expr_resilience_4.lun:3:14
  â”‚
3 â”‚ a :: fun() d }
  â”‚              ^

error: compilation of `E006_fundef_expr_resilience_4` failed due to 2 errors and 0 warnings

",
        compiler_code: 255,
        test_out: "",
        test_code: 0,
    ),
    "parser/E006_funkw_expr_1": (
        compiler_out: "ast = []
error[E006]: expected `(`, found integer literal
  â”Œâ”€ ./tests/parser/E006_funkw_expr_1.lun:2:10
  â”‚
2 â”‚ a :: fun 12;
  â”‚          ^^

error: compilation of `E006_funkw_expr_1` failed due to 1 error and 0 warnings

",
        compiler_code: 255,
        test_out: "",
        test_code: 0,
    ),
    "parser/E006_funkw_expr_2": (
        compiler_out: "ast = []
error[E006]: expected `)` or `,`, found identifier
  â”Œâ”€ ./tests/parser/E006_funkw_expr_2.lun:2:16
  â”‚
2 â”‚ a :: fun (a: b c);
  â”‚                ^

error: compilation of `E006_funkw_expr_2` failed due to 1 error and 0 warnings

",
        compiler_code: 255,
        test_out: "",
        test_code: 0,
    ),
    "parser/E006_funkw_expr_3": (
        compiler_out: "ast = []
error[E006]: expected `)` or `,`, found `;`
  â”Œâ”€ ./tests/parser/E006_funkw_expr_3.lun:2:15
  â”‚
2 â”‚ a :: fun (a: b;
  â”‚               ^

error: compilation of `E006_funkw_expr_3` failed due to 1 error and 0 warnings

",
        compiler_code: 255,
        test_out: "",
        test_code: 0,
    ),
    "parser/E006_funkw_expr_4": (
        compiler_out: "ast = []
error[E006]: expected `)` or `,`, found identifier
  â”Œâ”€ ./tests/parser/E006_funkw_expr_4.lun:2:13
  â”‚
2 â”‚ a :: fun (b b);
  â”‚             ^

error: compilation of `E006_funkw_expr_4` failed due to 1 error and 0 warnings

",
        compiler_code: 255,
        test_out: "",
        test_code: 0,
    ),
    "parser/E006_funkw_expr_5": (
        compiler_out: "error[E006]: expected `,`, found `;`
  â”Œâ”€ ./tests/parser/E006_funkw_expr_5.lun:2:12
  â”‚
2 â”‚ a :: fun (b;
  â”‚            ^

error: compilation of `./tests/parser/E006_funkw_expr_5` failed due to 1 error and 0 warnings

",
        compiler_code: 101,
        test_out: "",
        test_code: 0,
    ),
    "parser/E006_funptr_1": (
        compiler_out: "ast = []
error[E006]: expected `(`, found identifier
  â”Œâ”€ ./tests/parser/E006_funptr_1.lun:2:11
  â”‚
2 â”‚ a :: *fun b;
  â”‚           ^

error[E006]: expected `)` or `,`, found `;`
  â”Œâ”€ ./tests/parser/E006_funptr_1.lun:2:12
  â”‚
2 â”‚ a :: *fun b;
  â”‚            ^

error: compilation of `E006_funptr_1` failed due to 2 errors and 0 warnings

",
        compiler_code: 255,
        test_out: "",
        test_code: 0,
    ),
    "parser/E006_funptr_2": (
        compiler_out: "ast = []
error[E006]: expected `)` or `,`, found identifier
  â”Œâ”€ ./tests/parser/E006_funptr_2.lun:2:14
  â”‚
2 â”‚ a :: *fun (a a;
  â”‚              ^

error: compilation of `E006_funptr_2` failed due to 1 error and 0 warnings

",
        compiler_code: 255,
        test_out: "",
        test_code: 0,
    ),
    "parser/E006_funptr_expr_resilience_1": (
        compiler_out: "ast = [
  GlobalDef {
    name: a @ 51..52 (fid = 0);
    mutability: not;
    typeexpr: none;
    value: Block [
      BindingDef {
        name: b @ 66..67 (fid = 0);
        mutability: not;
        typeexpr: none;
        value: FunPtrType {
          args: [
            path u8 @ 75..77 (fid = 0),
          ];
          ret: path u32 @ 82..85 (fid = 0);
        } @ 70..85 (fid = 0);
      } @ 62..85 (fid = 0),

      @last_expr: none,
    ] @ 56..88 (fid = 0) @ 56..88 (fid = 0);
  } @ 51..88 (fid = 0),
]
error[E006]: expected `(`, found identifier
  â”Œâ”€ ./tests/parser/E006_funptr_expr_resilience_1.lun:4:18
  â”‚
4 â”‚     let b = *fun u8) -> u32;
  â”‚                  ^^

error: compilation of `E006_funptr_expr_resilience_1` failed due to 1 error and 0 warnings

",
        compiler_code: 255,
        test_out: "",
        test_code: 0,
    ),
    "parser/E006_funptr_expr_resilience_2": (
        compiler_out: "ast = [
  GlobalDef {
    name: a @ 51..52 (fid = 0);
    mutability: not;
    typeexpr: none;
    value: Block [
      BindingDef {
        name: b @ 66..67 (fid = 0);
        mutability: not;
        typeexpr: none;
        value: FunPtrType {
          args: [
            path u8 @ 78..80 (fid = 0),
          ];
          ret: path u32 @ 85..88 (fid = 0);
        } @ 70..88 (fid = 0);
      } @ 62..88 (fid = 0),

      @last_expr: none,
    ] @ 56..91 (fid = 0) @ 56..91 (fid = 0);
  } @ 51..91 (fid = 0),
]
error[E006]: expected expression, found `.`
  â”Œâ”€ ./tests/parser/E006_funptr_expr_resilience_2.lun:4:18
  â”‚
4 â”‚     let b = *fun(., u8) -> u32;
  â”‚                  ^

error: compilation of `E006_funptr_expr_resilience_2` failed due to 1 error and 0 warnings

",
        compiler_code: 255,
        test_out: "",
        test_code: 0,
    ),
    "parser/E006_funptr_expr_resilience_3": (
        compiler_out: "ast = [
  GlobalDef {
    name: a @ 51..52 (fid = 0);
    mutability: not;
    typeexpr: none;
    value: Block [
      BindingDef {
        name: b @ 66..67 (fid = 0);
        mutability: not;
        typeexpr: none;
        value: FunPtrType {
          args: [
            path u8 @ 75..77 (fid = 0),
          ];
          ret: none;
        } @ 70..78 (fid = 0);
      } @ 62..78 (fid = 0),

      @last_expr: none,
    ] @ 56..88 (fid = 0) @ 56..88 (fid = 0);
  } @ 51..88 (fid = 0),
]
error[E006]: expected `(`, found `;`
  â”Œâ”€ ./tests/parser/E006_funptr_expr_resilience_3.lun:4:28
  â”‚
4 â”‚     let b = *fun(u8) -> fun;
  â”‚                            ^

error: compilation of `E006_funptr_expr_resilience_3` failed due to 1 error and 0 warnings

",
        compiler_code: 255,
        test_out: "",
        test_code: 0,
    ),
    "parser/E006_global_def_1": (
        compiler_out: "ast = []
error[E006]: expected `:`, found `;`
  â”Œâ”€ ./tests/parser/E006_global_def_1.lun:2:2
  â”‚
2 â”‚ a;
  â”‚  ^

error[E006]: expected expression, found end of file
  â”Œâ”€ ./tests/parser/E006_global_def_1.lun:3:1
  â”‚
3 â”‚ 
  â”‚ ^

error: compilation of `E006_global_def_1` failed due to 2 errors and 0 warnings

",
        compiler_code: 255,
        test_out: "",
        test_code: 0,
    ),
    "parser/E006_global_def_2": (
        compiler_out: "ast = []
error[E006]: expected `:`, `=` or `;`, found end of file
  â”Œâ”€ ./tests/parser/E006_global_def_2.lun:3:1
  â”‚
2 â”‚ a : u8
  â”‚     -- help: add `;` after this token
3 â”‚ 
  â”‚ ^ unexpected end of file

error: compilation of `E006_global_def_2` failed due to 1 error and 0 warnings

",
        compiler_code: 255,
        test_out: "",
        test_code: 0,
    ),
    "parser/E006_global_def_3": (
        compiler_out: "ast = [
  GlobalDef {
    name: a @ 39..40 (fid = 0);
    mutability: mut;
    typeexpr: none;
    value: integer 12 @ 44..46 (fid = 0);
  } @ 39..46 (fid = 0),
]
error[E006]: expected `;`, found end of file
  â”Œâ”€ ./tests/parser/E006_global_def_3.lun:3:1
  â”‚
2 â”‚ a := 12
  â”‚      -- help: add `;` after this token
3 â”‚ 
  â”‚ ^ unexpected end of file

error: compilation of `E006_global_def_3` failed due to 1 error and 0 warnings

",
        compiler_code: 255,
        test_out: "",
        test_code: 0,
    ),
    "parser/E006_if_else_1": (
        compiler_out: "ast = []
error[E006]: expected keyword `else`, found identifier
  â”Œâ”€ ./tests/parser/E006_if_else_1.lun:2:18
  â”‚
2 â”‚ a :: if a then b c;
  â”‚                  ^

error: compilation of `E006_if_else_1` failed due to 1 error and 0 warnings

",
        compiler_code: 255,
        test_out: "",
        test_code: 0,
    ),
    "parser/E006_if_else_2": (
        compiler_out: "ast = []
error[E006]: expected `{` or keyword `if`, found identifier
  â”Œâ”€ ./tests/parser/E006_if_else_2.lun:2:19
  â”‚
2 â”‚ a :: if b {} else a;
  â”‚                   ^

error: compilation of `E006_if_else_2` failed due to 1 error and 0 warnings

",
        compiler_code: 255,
        test_out: "",
        test_code: 0,
    ),
    "parser/E006_if_else_3": (
        compiler_out: "ast = []
error[E006]: expected `{`, found identifier
  â”Œâ”€ ./tests/parser/E006_if_else_3.lun:2:24
  â”‚
2 â”‚ a :: if b {} else if c d;
  â”‚                        ^

error: compilation of `E006_if_else_3` failed due to 1 error and 0 warnings

",
        compiler_code: 255,
        test_out: "",
        test_code: 0,
    ),
    "parser/E006_if_else_expr_resilience_1": (
        compiler_out: "ast = [
  GlobalDef {
    name: a @ 51..52 (fid = 0);
    mutability: not;
    typeexpr: none;
    value: Block [
      If {
        cond: Null @ 0..0 (fid = 0);
        body: Block [
          @last_expr: none,
        ] @ 69..71 (fid = 0);
        else_br: none;
      } @ 62..71 (fid = 0) @ 62..71 (fid = 0) @ 62..71 (fid = 0),

      @last_expr: none,
    ] @ 56..74 (fid = 0) @ 56..74 (fid = 0);
  } @ 51..74 (fid = 0),
]
error[E006]: expected `(`, found `{`
  â”Œâ”€ ./tests/parser/E006_if_else_expr_resilience_1.lun:4:12
  â”‚
4 â”‚     if fun {};
  â”‚            ^

error: compilation of `E006_if_else_expr_resilience_1` failed due to 1 error and 0 warnings

",
        compiler_code: 255,
        test_out: "",
        test_code: 0,
    ),
    "parser/E006_import_directive_1": (
        compiler_out: "ast = [
  GlobalDef {
    name: b @ 57..58 (fid = 0);
    mutability: not;
    typeexpr: none;
    value: path imfine @ 62..68 (fid = 0);
  } @ 57..69 (fid = 0),
]
error[E006]: expected identifier, found integer literal
  â”Œâ”€ ./tests/parser/E006_import_directive_1.lun:2:14
  â”‚
2 â”‚ #import a as 12;
  â”‚              ^^

error: compilation of `E006_import_directive_1` failed due to 1 error and 0 warnings

",
        compiler_code: 255,
        test_out: "",
        test_code: 0,
    ),
    "parser/E006_import_directive_2": (
        compiler_out: "ast = [
  Import {
    path: a @ 47..48 (fid = 0);
    alias: b;
  } @ 39..53 (fid = 0),
]
error[E006]: expected `;`, found end of file
  â”Œâ”€ ./tests/parser/E006_import_directive_2.lun:3:1
  â”‚
2 â”‚ #import a as b
  â”‚              - help: add `;` after this token
3 â”‚ 
  â”‚ ^ unexpected end of file

error: compilation of `E006_import_directive_2` failed due to 1 error and 0 warnings

",
        compiler_code: 255,
        test_out: "",
        test_code: 0,
    ),
    "parser/E006_import_directive_resilience_1": (
        compiler_out: "ast = [
  GlobalDef {
    name: b @ 72..73 (fid = 0);
    mutability: not;
    typeexpr: none;
    value: path imfine @ 77..83 (fid = 0);
  } @ 72..84 (fid = 0),
]
error[E006]: expected identifier, found `;`
  â”Œâ”€ ./tests/parser/E006_import_directive_resilience_1.lun:3:19
  â”‚
3 â”‚ #import a::b::c as;
  â”‚                   ^

error: compilation of `E006_import_directive_resilience_1` failed due to 1 error and 0 warnings

",
        compiler_code: 255,
        test_out: "",
        test_code: 0,
    ),
    "parser/E006_item_1": (
        compiler_out: "ast = []
error[E006]: expected item, found keyword `break`
  â”Œâ”€ ./tests/parser/E006_item_1.lun:2:1
  â”‚
2 â”‚ break
  â”‚ ^^^^^

error: compilation of `E006_item_1` failed due to 1 error and 0 warnings

",
        compiler_code: 255,
        test_out: "",
        test_code: 0,
    ),
    "parser/E006_item_2": (
        compiler_out: "ast = []
error[E006]: expected identifier, found keyword `break`
  â”Œâ”€ ./tests/parser/E006_item_2.lun:2:2
  â”‚
2 â”‚ #break
  â”‚  ^^^^^

error[E006]: expected identifier, found integer literal
  â”Œâ”€ ./tests/parser/E006_item_2.lun:3:2
  â”‚
3 â”‚ #2
  â”‚  ^

error: compilation of `E006_item_2` failed due to 2 errors and 0 warnings

",
        compiler_code: 255,
        test_out: "",
        test_code: 0,
    ),
    "parser/E006_iterator_loop": (
        compiler_out: "error[E006]: expected keyword `in`, found identifier
  â”Œâ”€ ./tests/parser/E006_iterator_loop.lun:2:12
  â”‚
2 â”‚ a :: for i a;
  â”‚            ^

error: compilation of `./tests/parser/E006_iterator_loop` failed due to 1 error and 0 warnings

",
        compiler_code: 101,
        test_out: "",
        test_code: 0,
    ),
    "parser/E006_iterator_loop_1": (
        compiler_out: "ast = [
  GlobalDef {
    name: a @ 39..40 (fid = 0);
    mutability: not;
    typeexpr: none;
    value: IteratorLoop {
      label: none;
      variable: ï¿½;
      iterator: Null @ 0..0 (fid = 0);
      body: Block [
        @last_expr: none,
      ] @ 0..0 (fid = 0);
    } @ 44..0 (fid = 0);
  } @ 39..0 (fid = 0),
]
error[E006]: expected identifier, found integer literal
  â”Œâ”€ ./tests/parser/E006_iterator_loop_1.lun:2:10
  â”‚
2 â”‚ a :: for 12;
  â”‚          ^^

error[E006]: expected keyword `in`, found `;`
  â”Œâ”€ ./tests/parser/E006_iterator_loop_1.lun:2:12
  â”‚
2 â”‚ a :: for 12;
  â”‚            ^

error[E006]: expected expression, found end of file
  â”Œâ”€ ./tests/parser/E006_iterator_loop_1.lun:3:1
  â”‚
3 â”‚ 
  â”‚ ^

error[E006]: expected `{`, found end of file
  â”Œâ”€ ./tests/parser/E006_iterator_loop_1.lun:3:1
  â”‚
3 â”‚ 
  â”‚ ^

error: compilation of `E006_iterator_loop_1` failed due to 4 errors and 0 warnings

",
        compiler_code: 255,
        test_out: "",
        test_code: 0,
    ),
    "parser/E006_iterator_loop_2": (
        compiler_out: "ast = [
  GlobalDef {
    name: a @ 39..40 (fid = 0);
    mutability: not;
    typeexpr: none;
    value: IteratorLoop {
      label: none;
      variable: i;
      iterator: Null @ 0..0 (fid = 0);
      body: Block [
        @last_expr: none,
      ] @ 0..0 (fid = 0);
    } @ 44..0 (fid = 0);
  } @ 39..0 (fid = 0),
]
error[E006]: expected keyword `in`, found identifier
  â”Œâ”€ ./tests/parser/E006_iterator_loop_2.lun:2:12
  â”‚
2 â”‚ a :: for i a;
  â”‚            ^

error[E006]: expected expression, found `;`
  â”Œâ”€ ./tests/parser/E006_iterator_loop_2.lun:2:13
  â”‚
2 â”‚ a :: for i a;
  â”‚             ^

error[E006]: expected `{`, found end of file
  â”Œâ”€ ./tests/parser/E006_iterator_loop_2.lun:3:1
  â”‚
3 â”‚ 
  â”‚ ^

error: compilation of `E006_iterator_loop_2` failed due to 3 errors and 0 warnings

",
        compiler_code: 255,
        test_out: "",
        test_code: 0,
    ),
    "parser/E006_let_stmt_1": (
        compiler_out: "ast = [
  GlobalDef {
    name: a @ 39..40 (fid = 0);
    mutability: not;
    typeexpr: none;
    value: Block [
      BindingDef {
        name: ï¿½ @ 0..0 (fid = 0);
        mutability: not;
        typeexpr: none;
        value: integer 2 @ 59..60 (fid = 0);
      } @ 50..60 (fid = 0),

      @last_expr: none,
    ] @ 44..63 (fid = 0) @ 44..63 (fid = 0);
  } @ 39..63 (fid = 0),
]
error[E006]: expected identifier, found integer literal
  â”Œâ”€ ./tests/parser/E006_let_stmt_1.lun:3:9
  â”‚
3 â”‚     let 12 = 2;
  â”‚         ^^

error: compilation of `E006_let_stmt_1` failed due to 1 error and 0 warnings

",
        compiler_code: 255,
        test_out: "",
        test_code: 0,
    ),
    "parser/E006_let_stmt_2": (
        compiler_out: "ast = [
  GlobalDef {
    name: a @ 39..40 (fid = 0);
    mutability: not;
    typeexpr: none;
    value: Block [
      BindingDef {
        name: a @ 54..55 (fid = 0);
        mutability: not;
        typeexpr: none;
        value: path b @ 58..59 (fid = 0);
      } @ 50..59 (fid = 0),

      @last_expr: none,
    ] @ 44..62 (fid = 0) @ 44..62 (fid = 0);
  } @ 39..62 (fid = 0),
]
error[E006]: expected `=`, found `-`
  â”Œâ”€ ./tests/parser/E006_let_stmt_2.lun:3:11
  â”‚
3 â”‚     let a - b;
  â”‚           ^

error: compilation of `E006_let_stmt_2` failed due to 1 error and 0 warnings

",
        compiler_code: 255,
        test_out: "",
        test_code: 0,
    ),
    "parser/E006_loop_expr_resilience_1": (
        compiler_out: "ast = [
  GlobalDef {
    name: a @ 51..52 (fid = 0);
    mutability: not;
    typeexpr: none;
    value: Block [
      InfiniteLoop {
        label: none;
        body: Block [
          @last_expr: none,
        ] @ 0..0 (fid = 0);
      } @ 62..0 (fid = 0) @ 62..0 (fid = 0),

      @last_expr: none,
    ] @ 56..71 (fid = 0) @ 56..71 (fid = 0);
  } @ 51..71 (fid = 0),
]
error[E006]: expected `{`, found `}`
  â”Œâ”€ ./tests/parser/E006_loop_expr_resilience_1.lun:4:10
  â”‚
4 â”‚     loop };
  â”‚          ^

error: compilation of `E006_loop_expr_resilience_1` failed due to 1 error and 0 warnings

",
        compiler_code: 255,
        test_out: "",
        test_code: 0,
    ),
    "parser/E006_member_access_1": (
        compiler_out: "ast = [
  GlobalDef {
    name: a @ 39..40 (fid = 0);
    mutability: not;
    typeexpr: none;
    value: Field {
      expr: path b @ 44..45 (fid = 0);
      member: ï¿½;
    } @ 44..48 (fid = 0);
  } @ 39..49 (fid = 0),
]
error[E006]: expected identifier, found integer literal
  â”Œâ”€ ./tests/parser/E006_member_access_1.lun:2:8
  â”‚
2 â”‚ a :: b.12;
  â”‚        ^^

error: compilation of `E006_member_access_1` failed due to 1 error and 0 warnings

",
        compiler_code: 255,
        test_out: "",
        test_code: 0,
    ),
    "parser/E006_mod_directive_1": (
        compiler_out: "ast = []
error[E006]: expected identifier, found integer literal
  â”Œâ”€ ./tests/parser/E006_mod_directive_1.lun:2:6
  â”‚
2 â”‚ #mod 12;
  â”‚      ^^

error: compilation of `E006_mod_directive_1` failed due to 1 error and 0 warnings

",
        compiler_code: 255,
        test_out: "",
        test_code: 0,
    ),
    "parser/E006_mod_directive_2": (
        compiler_out: "ast = []
error[E006]: expected `;`, found end of file
  â”Œâ”€ ./tests/parser/E006_mod_directive_2.lun:3:1
  â”‚
2 â”‚ #mod a
  â”‚      - help: add `;` after this token
3 â”‚ 
  â”‚ ^ unexpected end of file

error: compilation of `E006_mod_directive_2` failed due to 1 error and 0 warnings

",
        compiler_code: 255,
        test_out: "",
        test_code: 0,
    ),
    "parser/E006_mod_directive_resilience_1": (
        compiler_out: "ast = [
  GlobalDef {
    name: b @ 58..59 (fid = 0);
    mutability: not;
    typeexpr: none;
    value: path imfine @ 63..69 (fid = 0);
  } @ 58..70 (fid = 0),
]
error[E006]: expected identifier, found `;`
  â”Œâ”€ ./tests/parser/E006_mod_directive_resilience_1.lun:3:5
  â”‚
3 â”‚ #mod;
  â”‚     ^

error: compilation of `E006_mod_directive_resilience_1` failed due to 1 error and 0 warnings

",
        compiler_code: 255,
        test_out: "",
        test_code: 0,
    ),
    "parser/E006_mod_directive_resilience_2": (
        compiler_out: "ast = [
  GlobalDef {
    name: b @ 59..60 (fid = 0);
    mutability: not;
    typeexpr: none;
    value: path imfine @ 64..70 (fid = 0);
  } @ 59..71 (fid = 0),
]
error[E006]: expected `;`, found identifier
  â”Œâ”€ ./tests/parser/E006_mod_directive_resilience_2.lun:5:1
  â”‚
3 â”‚ #mod a
  â”‚      - help: add `;` after this token
4 â”‚ 
5 â”‚ b :: imfine;
  â”‚ ^ unexpected identifier

error: compilation of `E006_mod_directive_resilience_2` failed due to 1 error and 0 warnings

",
        compiler_code: 255,
        test_out: "",
        test_code: 0,
    ),
    "parser/E006_paren_expr": (
        compiler_out: "ast = [
  GlobalDef {
    name: a @ 39..40 (fid = 0);
    mutability: not;
    typeexpr: none;
    value: Paren {
      expr: integer 12 @ 45..47 (fid = 0);
    } @ 44..47 (fid = 0);
  } @ 39..48 (fid = 0),
]
error[E006]: expected `)`, found `;`
  â”Œâ”€ ./tests/parser/E006_paren_expr.lun:2:9
  â”‚
2 â”‚ a :: (12;
  â”‚         ^

error: compilation of `E006_paren_expr` failed due to 1 error and 0 warnings

",
        compiler_code: 255,
        test_out: "",
        test_code: 0,
    ),
    "parser/E006_paren_expr_resilience_1": (
        compiler_out: "ast = [
  GlobalDef {
    name: a @ 51..52 (fid = 0);
    mutability: not;
    typeexpr: none;
    value: FunDefinition {
      args: [];
      rettypeexpr: none;
      body: Block [
        BindingDef {
          name: b @ 72..73 (fid = 0);
          mutability: not;
          typeexpr: none;
          value: Paren {
            expr: Null @ 0..0 (fid = 0);
          } @ 76..83 (fid = 0);
        } @ 68..83 (fid = 0),

        @last_expr: none,
      ] @ 62..86 (fid = 0);
    } @ 56..86 (fid = 0);
  } @ 51..86 (fid = 0),
]
error[E006]: expected `(`, found `)`
  â”Œâ”€ ./tests/parser/E006_paren_expr_resilience_1.lun:4:19
  â”‚
4 â”‚     let b = ( fun );
  â”‚                   ^

error: compilation of `E006_paren_expr_resilience_1` failed due to 1 error and 0 warnings

",
        compiler_code: 255,
        test_out: "",
        test_code: 0,
    ),
    "parser/E006_paren_expr_resilience_2": (
        compiler_out: "ast = [
  GlobalDef {
    name: a @ 51..52 (fid = 0);
    mutability: not;
    typeexpr: none;
    value: FunDefinition {
      args: [];
      rettypeexpr: none;
      body: Block [
        BindingDef {
          name: b @ 72..73 (fid = 0);
          mutability: not;
          typeexpr: none;
          value: Paren {
            expr: integer 1 @ 77..78 (fid = 0);
          } @ 76..78 (fid = 0);
        } @ 68..78 (fid = 0),

        @last_expr: none,
      ] @ 62..81 (fid = 0);
    } @ 56..81 (fid = 0);
  } @ 51..81 (fid = 0),
]
error[E006]: expected `)`, found `;`
  â”Œâ”€ ./tests/parser/E006_paren_expr_resilience_2.lun:4:15
  â”‚
4 â”‚     let b = (1;
  â”‚               ^

error: compilation of `E006_paren_expr_resilience_2` failed due to 1 error and 0 warnings

",
        compiler_code: 255,
        test_out: "",
        test_code: 0,
    ),
    "parser/E006_path_expr_1": (
        compiler_out: "ast = [
  GlobalDef {
    name: a @ 39..40 (fid = 0);
    mutability: not;
    typeexpr: none;
    value: Block [
      path b::ï¿½ @ 50..54 (fid = 0) @ 50..54 (fid = 0),

      @last_expr: none,
    ] @ 44..57 (fid = 0) @ 44..57 (fid = 0);
  } @ 39..57 (fid = 0),
]
error[E006]: expected identifier, found integer literal
  â”Œâ”€ ./tests/parser/E006_path_expr_1.lun:3:8
  â”‚
3 â”‚     b::1;
  â”‚        ^

error: compilation of `E006_path_expr_1` failed due to 1 error and 0 warnings

",
        compiler_code: 255,
        test_out: "",
        test_code: 0,
    ),
    "parser/E006_path_expr_2": (
        compiler_out: "ast = [
  GlobalDef {
    name: a @ 39..40 (fid = 0);
    mutability: not;
    typeexpr: none;
    value: Block [
      path b::~orb @ 50..56 (fid = 0) @ 50..56 (fid = 0),

      @last_expr: none,
    ] @ 44..59 (fid = 0) @ 44..59 (fid = 0);
  } @ 39..59 (fid = 0),
]
error[E006]: expected identifier, found keyword `orb`
  â”Œâ”€ ./tests/parser/E006_path_expr_2.lun:3:8
  â”‚
3 â”‚     b::orb;
  â”‚        ^^^
  â”‚
  = 'orb' can only be at the start of a path

error: compilation of `E006_path_expr_2` failed due to 1 error and 0 warnings

",
        compiler_code: 255,
        test_out: "",
        test_code: 0,
    ),
    "parser/E006_path_resilience_1": (
        compiler_out: "ast = [
  Import {
    path: a::ï¿½::ï¿½ @ 59..0 (fid = 0);
    alias: none;
  } @ 51..67 (fid = 0),

  GlobalDef {
    name: b @ 69..70 (fid = 0);
    mutability: not;
    typeexpr: none;
    value: path imfine @ 74..80 (fid = 0);
  } @ 69..81 (fid = 0),
]
error[E006]: expected identifier, found `#`
  â”Œâ”€ ./tests/parser/E006_path_resilience_1.lun:3:12
  â”‚
3 â”‚ #import a::#::#;
  â”‚            ^

error[E006]: expected identifier, found `#`
  â”Œâ”€ ./tests/parser/E006_path_resilience_1.lun:3:15
  â”‚
3 â”‚ #import a::#::#;
  â”‚               ^

error: compilation of `E006_path_resilience_1` failed due to 2 errors and 0 warnings

",
        compiler_code: 255,
        test_out: "",
        test_code: 0,
    ),
    "parser/E006_qualified_path_1": (
        compiler_out: "ast = [
  Import {
    path: âˆ… @ 0..0 (fid = 0);
    alias: none;
  } @ 39..49 (fid = 0),
]
error[E006]: expected keyword `orb` or identifier, found integer literal
  â”Œâ”€ ./tests/parser/E006_qualified_path_1.lun:2:9
  â”‚
2 â”‚ #import 1;
  â”‚         ^

error: compilation of `E006_qualified_path_1` failed due to 1 error and 0 warnings

",
        compiler_code: 255,
        test_out: "",
        test_code: 0,
    ),
    "parser/E006_qualified_path_2": (
        compiler_out: "ast = [
  Import {
    path: a::ï¿½ @ 47..0 (fid = 0);
    alias: none;
  } @ 39..52 (fid = 0),
]
error[E006]: expected identifier, found integer literal
  â”Œâ”€ ./tests/parser/E006_qualified_path_2.lun:2:12
  â”‚
2 â”‚ #import a::1;
  â”‚            ^

error: compilation of `E006_qualified_path_2` failed due to 1 error and 0 warnings

",
        compiler_code: 255,
        test_out: "",
        test_code: 0,
    ),
    "parser/E006_return_expr_resilience_1": (
        compiler_out: "ast = [
  GlobalDef {
    name: a @ 51..52 (fid = 0);
    mutability: not;
    typeexpr: none;
    value: Block [
      Return {
        expr: Null @ 0..0 (fid = 0);
      } @ 62..0 (fid = 0) @ 62..0 (fid = 0),

      @last_expr: none,
    ] @ 56..75 (fid = 0) @ 56..75 (fid = 0);
  } @ 51..75 (fid = 0),
]
error[E006]: expected `(`, found `;`
  â”Œâ”€ ./tests/parser/E006_return_expr_resilience_1.lun:4:15
  â”‚
4 â”‚     return fun;
  â”‚               ^

error: compilation of `E006_return_expr_resilience_1` failed due to 1 error and 0 warnings

",
        compiler_code: 255,
        test_out: "",
        test_code: 0,
    ),
    "parser/E006_short_binding_def_stmt_1": (
        compiler_out: "ast = [
  GlobalDef {
    name: a @ 39..40 (fid = 0);
    mutability: not;
    typeexpr: none;
    value: Block [
      BindingDef {
        name: ï¿½ @ 50..53 (fid = 0);
        mutability: mut;
        typeexpr: none;
        value: integer 2 @ 59..60 (fid = 0);
      } @ 50..60 (fid = 0),

      @last_expr: none,
    ] @ 44..63 (fid = 0) @ 44..63 (fid = 0);
  } @ 39..63 (fid = 0),
]
error[E006]: expected identifier, found integer literal
  â”Œâ”€ ./tests/parser/E006_short_binding_def_stmt_1.lun:3:9
  â”‚
3 â”‚     mut 1 := 2;
  â”‚         ^

error: compilation of `E006_short_binding_def_stmt_1` failed due to 1 error and 0 warnings

",
        compiler_code: 255,
        test_out: "",
        test_code: 0,
    ),
    "parser/E006_short_binding_def_stmt_2": (
        compiler_out: "ast = [
  GlobalDef {
    name: a @ 39..40 (fid = 0);
    mutability: not;
    typeexpr: none;
    value: Block [
      @last_expr: none,
    ] @ 44..63 (fid = 0) @ 44..63 (fid = 0);
  } @ 39..63 (fid = 0),
]
error[E006]: expected `:`, found identifier
  â”Œâ”€ ./tests/parser/E006_short_binding_def_stmt_2.lun:3:11
  â”‚
3 â”‚     mut a d= 2;
  â”‚           ^

error: compilation of `E006_short_binding_def_stmt_2` failed due to 1 error and 0 warnings

",
        compiler_code: 255,
        test_out: "",
        test_code: 0,
    ),
    "parser/E006_short_binding_def_stmt_3": (
        compiler_out: "ast = [
  GlobalDef {
    name: a @ 39..40 (fid = 0);
    mutability: not;
    typeexpr: none;
    value: Block [
      @last_expr: none,
    ] @ 44..62 (fid = 0) @ 44..62 (fid = 0);
  } @ 39..62 (fid = 0),
]
error[E006]: expected `=`, found `:`
  â”Œâ”€ ./tests/parser/E006_short_binding_def_stmt_3.lun:3:11
  â”‚
3 â”‚     b : a : 2;
  â”‚           ^

error: compilation of `E006_short_binding_def_stmt_3` failed due to 1 error and 0 warnings

",
        compiler_code: 255,
        test_out: "",
        test_code: 0,
    ),
    "parser/E006_while_expr_resilience_1": (
        compiler_out: "ast = [
  GlobalDef {
    name: a @ 51..52 (fid = 0);
    mutability: not;
    typeexpr: none;
    value: Block [
      PredicateLoop {
        label: none;
        cond: Null @ 0..0 (fid = 0);
        body: Block [
          @last_expr: none,
        ] @ 72..74 (fid = 0);
      } @ 62..74 (fid = 0) @ 62..74 (fid = 0),

      @last_expr: none,
    ] @ 56..77 (fid = 0) @ 56..77 (fid = 0);
  } @ 51..77 (fid = 0),
]
error[E006]: expected `(`, found `{`
  â”Œâ”€ ./tests/parser/E006_while_expr_resilience_1.lun:4:15
  â”‚
4 â”‚     while fun {};
  â”‚               ^

error: compilation of `E006_while_expr_resilience_1` failed due to 1 error and 0 warnings

",
        compiler_code: 255,
        test_out: "",
        test_code: 0,
    ),
    "parser/E006_while_expr_resilience_2": (
        compiler_out: "ast = [
  GlobalDef {
    name: a @ 51..52 (fid = 0);
    mutability: not;
    typeexpr: none;
    value: Block [
      PredicateLoop {
        label: none;
        cond: boolean true @ 68..72 (fid = 0);
        body: Block [
          @last_expr: none,
        ] @ 0..0 (fid = 0);
      } @ 62..0 (fid = 0) @ 62..0 (fid = 0),

      @last_expr: none,
    ] @ 56..77 (fid = 0) @ 56..77 (fid = 0);
  } @ 51..77 (fid = 0),
]
error[E006]: expected `{`, found `}`
  â”Œâ”€ ./tests/parser/E006_while_expr_resilience_2.lun:4:16
  â”‚
4 â”‚     while true };
  â”‚                ^

error: compilation of `E006_while_expr_resilience_2` failed due to 1 error and 0 warnings

",
        compiler_code: 255,
        test_out: "",
        test_code: 0,
    ),
    "parser/E035_1": (
        compiler_out: "ast = []
error[E035]: unknown directive 'mot'
  â”Œâ”€ ./tests/parser/E035_1.lun:2:2
  â”‚
2 â”‚ #mot
  â”‚  ^^^
  â”‚
  = did you mean 'mod'?

error: compilation of `E035_1` failed due to 1 error and 0 warnings

",
        compiler_code: 255,
        test_out: "",
        test_code: 0,
    ),
    "parser/E035_2": (
        compiler_out: "ast = []
error[E035]: unknown directive 'inport'
  â”Œâ”€ ./tests/parser/E035_2.lun:2:2
  â”‚
2 â”‚ #inport
  â”‚  ^^^^^^
  â”‚
  = did you mean 'import'?

error: compilation of `E035_2` failed due to 1 error and 0 warnings

",
        compiler_code: 255,
        test_out: "",
        test_code: 0,
    ),
    "parser/E035_3": (
        compiler_out: "ast = []
error[E035]: unknown directive 'abracadabra'
  â”Œâ”€ ./tests/parser/E035_3.lun:2:2
  â”‚
2 â”‚ #abracadabra
  â”‚  ^^^^^^^^^^^

error: compilation of `E035_3` failed due to 1 error and 0 warnings

",
        compiler_code: 255,
        test_out: "",
        test_code: 0,
    ),
    "parser/E038": (
        compiler_out: r#"ast = [
  ExternBlock {
    abi: C;
    items: [];
  } @ 36..52 (fid = 0),
]
error[E038]: ABI 'boum' isn't known
  â”Œâ”€ ./tests/parser/E038.lun:2:8
  â”‚
2 â”‚ extern "boum" {}
  â”‚        ^^^^^^

error: compilation of `E038` failed due to 1 error and 0 warnings

"#,
        compiler_code: 255,
        test_out: "",
        test_code: 0,
    ),
    "parser/directive": (
        compiler_out: "ast = [
  Mod {
    name: module;
  } @ 20..32 (fid = 0),

  Import {
    path: orb::driver::run @ 62..78 (fid = 0);
    alias: none;
  } @ 54..79 (fid = 0),

  Import {
    path: std @ 88..91 (fid = 0);
    alias: none;
  } @ 80..92 (fid = 0),

  Import {
    path: std::rc::Rc @ 101..112 (fid = 0);
    alias: ReferenceCountedPtr;
  } @ 93..136 (fid = 0),
]
",
        compiler_code: 0,
        test_out: "",
        test_code: 0,
    ),
    "parser/expression": (
        compiler_out: r#"ast = [
  GlobalDef {
    name: main @ 11..15 (fid = 0);
    mutability: not;
    typeexpr: none;
    value: FunDefinition {
      args: [];
      rettypeexpr: none;
      body: Block [
        Binary {
          lhs: path _ @ 54..55 (fid = 0);
          op: Assignment;
          rhs: integer 12 @ 58..60 (fid = 0);
        } @ 54..60 (fid = 0) @ 54..60 (fid = 0),

        Binary {
          lhs: path _ @ 87..88 (fid = 0);
          op: Assignment;
          rhs: boolean true @ 91..95 (fid = 0);
        } @ 87..95 (fid = 0) @ 87..95 (fid = 0),

        Binary {
          lhs: path _ @ 101..102 (fid = 0);
          op: Assignment;
          rhs: boolean false @ 105..110 (fid = 0);
        } @ 101..110 (fid = 0) @ 101..110 (fid = 0),

        Binary {
          lhs: path _ @ 139..140 (fid = 0);
          op: Assignment;
          rhs: string "Hello world!" @ 143..157 (fid = 0);
        } @ 139..157 (fid = 0) @ 139..157 (fid = 0),

        Binary {
          lhs: path _ @ 184..185 (fid = 0);
          op: Assignment;
          rhs: char 'C' @ 188..191 (fid = 0);
        } @ 184..191 (fid = 0) @ 184..191 (fid = 0),

        Binary {
          lhs: path _ @ 219..220 (fid = 0);
          op: Assignment;
          rhs: float 6.0219999999999996e23 @ 223..231 (fid = 0);
        } @ 219..231 (fid = 0) @ 219..231 (fid = 0),

        Binary {
          lhs: path _ @ 256..257 (fid = 0);
          op: Assignment;
          rhs: Paren {
            expr: Binary {
              lhs: integer 12 @ 261..263 (fid = 0);
              op: Add;
              rhs: integer 3 @ 266..267 (fid = 0);
            } @ 261..267 (fid = 0);
          } @ 260..268 (fid = 0);
        } @ 256..268 (fid = 0) @ 256..268 (fid = 0),

        Binary {
          lhs: path _ @ 293..294 (fid = 0);
          op: Assignment;
          rhs: path main @ 297..301 (fid = 0);
        } @ 293..301 (fid = 0) @ 293..301 (fid = 0),

        Binary {
          lhs: path _ @ 325..326 (fid = 0);
          op: Assignment;
          rhs: Binary {
            lhs: integer 34 @ 329..331 (fid = 0);
            op: Add;
            rhs: integer 35 @ 334..336 (fid = 0);
          } @ 329..336 (fid = 0);
        } @ 325..336 (fid = 0) @ 325..336 (fid = 0),

        Binary {
          lhs: path _ @ 359..360 (fid = 0);
          op: Assignment;
          rhs: Unary {
            op: Not;
            expr: boolean false @ 364..369 (fid = 0);
          } @ 363..369 (fid = 0);
        } @ 359..369 (fid = 0) @ 359..369 (fid = 0),

        Binary {
          lhs: path _ @ 375..376 (fid = 0);
          op: Assignment;
          rhs: Unary {
            op: Negation;
            expr: float 12.0 @ 380..384 (fid = 0);
          } @ 379..384 (fid = 0);
        } @ 375..384 (fid = 0) @ 375..384 (fid = 0),

        Binary {
          lhs: path _ @ 407..408 (fid = 0);
          op: Assignment;
          rhs: Call {
            callee: path some_fun @ 411..419 (fid = 0);
            args: [];
          } @ 411..421 (fid = 0);
        } @ 407..421 (fid = 0) @ 407..421 (fid = 0),

        Binary {
          lhs: path _ @ 427..428 (fid = 0);
          op: Assignment;
          rhs: Call {
            callee: path some_fun @ 431..439 (fid = 0);
            args: [
              integer 1 @ 440..441 (fid = 0),
            ];
          } @ 431..442 (fid = 0);
        } @ 427..442 (fid = 0) @ 427..442 (fid = 0),

        Binary {
          lhs: path _ @ 448..449 (fid = 0);
          op: Assignment;
          rhs: Call {
            callee: path some_fun @ 452..460 (fid = 0);
            args: [
              integer 1 @ 461..462 (fid = 0),

              integer 2 @ 464..465 (fid = 0),
            ];
          } @ 452..466 (fid = 0);
        } @ 448..466 (fid = 0) @ 448..466 (fid = 0),

        Binary {
          lhs: path _ @ 472..473 (fid = 0);
          op: Assignment;
          rhs: Call {
            callee: path some_fun @ 476..484 (fid = 0);
            args: [
              integer 1 @ 485..486 (fid = 0),

              integer 2 @ 488..489 (fid = 0),
            ];
          } @ 476..491 (fid = 0);
        } @ 472..491 (fid = 0) @ 472..491 (fid = 0),

        If {
          cond: boolean true @ 511..515 (fid = 0);
          body: Block [
            Call {
              callee: path main @ 526..530 (fid = 0);
              args: [];
            } @ 526..532 (fid = 0) @ 526..532 (fid = 0),

            @last_expr: none,
          ] @ 516..539 (fid = 0);
          else_br: Block [
            Call {
              callee: path main @ 555..559 (fid = 0);
              args: [];
            } @ 555..561 (fid = 0) @ 555..561 (fid = 0),

            @last_expr: none,
          ] @ 545..568 (fid = 0);
        } @ 508..568 (fid = 0) @ 508..568 (fid = 0) @ 508..568 (fid = 0),

        Binary {
          lhs: path _ @ 594..595 (fid = 0);
          op: Assignment;
          rhs: IfThenElse {
            cond: Binary {
              lhs: integer 23 @ 601..603 (fid = 0);
              op: CompGT;
              rhs: integer 12 @ 606..608 (fid = 0);
            } @ 601..608 (fid = 0);
            true_val: boolean false @ 614..619 (fid = 0);
            false_val: boolean true @ 625..629 (fid = 0);
          } @ 598..629 (fid = 0);
        } @ 594..629 (fid = 0) @ 594..629 (fid = 0),

        Block [
          Binary {
            lhs: path _ @ 659..660 (fid = 0);
            op: Assignment;
            rhs: integer 2 @ 663..664 (fid = 0);
          } @ 659..664 (fid = 0) @ 659..664 (fid = 0),

          Binary {
            lhs: path _ @ 674..675 (fid = 0);
            op: Assignment;
            rhs: Call {
              callee: path main @ 678..682 (fid = 0);
              args: [];
            } @ 678..684 (fid = 0);
          } @ 674..684 (fid = 0) @ 674..684 (fid = 0),

          @last_expr: none,
        ] @ 649..691 (fid = 0) @ 649..691 (fid = 0) @ 649..691 (fid = 0),

        BlockWithLabel {
          label: label_block @ 697..708 (fid = 0);
          block: Block [
            Break {
              label: label_block;
              expr: none;
            } @ 720..738 (fid = 0) @ 720..738 (fid = 0),

            @last_expr: none,
          ] @ 710..745 (fid = 0);
        } @ 697..745 (fid = 0) @ 697..745 (fid = 0),

        PredicateLoop {
          label: none;
          cond: Call {
            callee: path predicate @ 779..788 (fid = 0);
            args: [];
          } @ 779..790 (fid = 0);
          body: Block [
            Call {
              callee: path println @ 801..808 (fid = 0);
              args: [
                string "Hello!" @ 809..817 (fid = 0),
              ];
            } @ 801..818 (fid = 0) @ 801..818 (fid = 0),

            @last_expr: none,
          ] @ 791..825 (fid = 0);
        } @ 773..825 (fid = 0) @ 773..825 (fid = 0),

        PredicateLoop {
          label: label @ 831..836 (fid = 0);
          cond: path condition @ 844..853 (fid = 0);
          body: Block [
            Call {
              callee: path println @ 864..871 (fid = 0);
              args: [
                string "Hello from loop with label" @ 872..900 (fid = 0),
              ];
            } @ 864..901 (fid = 0) @ 864..901 (fid = 0),

            Continue {
              label: label;
            } @ 911..926 (fid = 0) @ 911..926 (fid = 0),

            @last_expr: none,
          ] @ 854..933 (fid = 0);
        } @ 831..933 (fid = 0) @ 831..933 (fid = 0),

        IteratorLoop {
          label: none;
          variable: i;
          iterator: Call {
            callee: path range @ 969..974 (fid = 0);
            args: [
              integer 1 @ 975..976 (fid = 0),

              integer 12 @ 978..980 (fid = 0),
            ];
          } @ 969..981 (fid = 0);
          body: Block [
            @last_expr: none,
          ] @ 982..1005 (fid = 0);
        } @ 960..1005 (fid = 0) @ 960..1005 (fid = 0),

        IteratorLoop {
          label: label2 @ 1011..1017 (fid = 0);
          variable: j;
          iterator: Call {
            callee: path range @ 1028..1033 (fid = 0);
            args: [
              integer 13 @ 1034..1036 (fid = 0),

              integer 16 @ 1038..1040 (fid = 0),
            ];
          } @ 1028..1041 (fid = 0);
          body: Block [
            @last_expr: none,
          ] @ 1042..1065 (fid = 0);
        } @ 1011..1065 (fid = 0) @ 1011..1065 (fid = 0),

        InfiniteLoop {
          label: none;
          body: Block [
            Break {
              label: none;
              expr: none;
            } @ 1123..1128 (fid = 0) @ 1123..1128 (fid = 0),

            @last_expr: none,
          ] @ 1097..1135 (fid = 0);
        } @ 1092..1135 (fid = 0) @ 1092..1135 (fid = 0),

        InfiniteLoop {
          label: label3 @ 1141..1147 (fid = 0);
          body: Block [
            @last_expr: none,
          ] @ 1154..1177 (fid = 0);
        } @ 1141..1177 (fid = 0) @ 1141..1177 (fid = 0),

        Return {
          expr: Binary {
            lhs: integer 12 @ 1204..1206 (fid = 0);
            op: Mul;
            rhs: integer 8 @ 1209..1210 (fid = 0);
          } @ 1204..1210 (fid = 0);
        } @ 1197..1210 (fid = 0) @ 1197..1210 (fid = 0),

        Return {
          expr: none;
        } @ 1216..1222 (fid = 0) @ 1216..1222 (fid = 0),

        Continue @ 1245..1253 (fid = 0) @ 1245..1253 (fid = 0),

        Binary {
          lhs: path _ @ 1272..1273 (fid = 0);
          op: Assignment;
          rhs: Null @ 1276..1280 (fid = 0);
        } @ 1272..1280 (fid = 0) @ 1272..1280 (fid = 0),

        Binary {
          lhs: path _ @ 1300..1301 (fid = 0);
          op: Assignment;
          rhs: Unary {
            op: Dereference;
            expr: path some_pointer @ 1304..1316 (fid = 0);
          } @ 1304..1318 (fid = 0);
        } @ 1300..1318 (fid = 0) @ 1300..1318 (fid = 0),

        Binary {
          lhs: path _ @ 1346..1347 (fid = 0);
          op: Assignment;
          rhs: Call {
            callee: Field {
              expr: string "Hello" @ 1350..1357 (fid = 0);
              member: len;
            } @ 1350..1361 (fid = 0);
            args: [];
          } @ 1350..1363 (fid = 0);
        } @ 1346..1363 (fid = 0) @ 1346..1363 (fid = 0),

        Binary {
          lhs: path _ @ 1370..1371 (fid = 0);
          op: Assignment;
          rhs: Call {
            callee: Field {
              expr: Field {
                expr: path orb @ 1374..1377 (fid = 0);
                member: driver;
              } @ 1374..1384 (fid = 0);
              member: run;
            } @ 1374..1388 (fid = 0);
            args: [];
          } @ 1374..1390 (fid = 0);
        } @ 1370..1390 (fid = 0) @ 1370..1390 (fid = 0),

        Binary {
          lhs: path _ @ 1432..1433 (fid = 0);
          op: Assignment;
          rhs: PointerType {
            mutability: not;
            typeexpr: path u32 @ 1437..1440 (fid = 0);
          } @ 1436..1440 (fid = 0);
        } @ 1432..1440 (fid = 0) @ 1432..1440 (fid = 0),

        Binary {
          lhs: path _ @ 1446..1447 (fid = 0);
          op: Assignment;
          rhs: PointerType {
            mutability: mut;
            typeexpr: path u32 @ 1455..1458 (fid = 0);
          } @ 1450..1458 (fid = 0);
        } @ 1446..1458 (fid = 0) @ 1446..1458 (fid = 0),

        Binary {
          lhs: path _ @ 1494..1495 (fid = 0);
          op: Assignment;
          rhs: FunPtrType {
            args: [];
            ret: none;
          } @ 1498..1504 (fid = 0);
        } @ 1494..1504 (fid = 0) @ 1494..1504 (fid = 0),

        Binary {
          lhs: path _ @ 1510..1511 (fid = 0);
          op: Assignment;
          rhs: FunPtrType {
            args: [
              path usz @ 1519..1522 (fid = 0),

              path bool @ 1524..1528 (fid = 0),
            ];
            ret: path usz @ 1533..1536 (fid = 0);
          } @ 1514..1536 (fid = 0);
        } @ 1510..1536 (fid = 0) @ 1510..1536 (fid = 0),

        Binary {
          lhs: path _ @ 1542..1543 (fid = 0);
          op: Assignment;
          rhs: FunPtrType {
            args: [
              path usz @ 1551..1554 (fid = 0),
            ];
            ret: path usz @ 1560..1563 (fid = 0);
          } @ 1546..1563 (fid = 0);
        } @ 1542..1563 (fid = 0) @ 1542..1563 (fid = 0),

        @last_expr: none,
      ] @ 25..1566 (fid = 0);
    } @ 19..1566 (fid = 0);
  } @ 11..1566 (fid = 0),
]
"#,
        compiler_code: 0,
        test_out: "",
        test_code: 0,
    ),
    "parser/item": (
        compiler_out: r#"ast = [
  GlobalDef {
    name: main @ 19..23 (fid = 0);
    mutability: not;
    typeexpr: none;
    value: FunDefinition {
      args: [];
      rettypeexpr: none;
      body: Block [
        @last_expr: none,
      ] @ 33..35 (fid = 0);
    } @ 27..35 (fid = 0);
  } @ 19..35 (fid = 0),

  GlobalDef {
    name: avogadro @ 36..44 (fid = 0);
    mutability: not;
    typeexpr: path f64 @ 47..50 (fid = 0);
    value: float 6.0219999999999996e23 @ 53..61 (fid = 0);
  } @ 36..62 (fid = 0),

  GlobalDef {
    name: hello @ 78..83 (fid = 0);
    mutability: mut;
    typeexpr: PointerType {
      mutability: not;
      typeexpr: path str @ 87..90 (fid = 0);
    } @ 86..90 (fid = 0);
    value: string "Hello" @ 93..100 (fid = 0);
  } @ 78..101 (fid = 0),

  GlobalDef {
    name: globFloat @ 102..111 (fid = 0);
    mutability: mut;
    typeexpr: none;
    value: float 12.0 @ 115..119 (fid = 0);
  } @ 102..120 (fid = 0),

  ExternBlock {
    abi: C;
    items: [
      GlobalDef {
        name: hello @ 155..160 (fid = 0);
        mutability: not;
        typeexpr: none;
        value: FunDeclaration {
          args: [];
          rettypeexpr: none;
        } @ 164..169 (fid = 0);
      } @ 155..170 (fid = 0),

      GlobalUninit {
        name: some_static @ 175..186 (fid = 0);
        typeexpr: PointerType {
          mutability: not;
          typeexpr: path str @ 190..193 (fid = 0);
        } @ 189..193 (fid = 0);
      } @ 175..194 (fid = 0),
    ];
  } @ 138..196 (fid = 0),
]
"#,
        compiler_code: 0,
        test_out: "",
        test_code: 0,
    ),
    "parser/statement": (
        compiler_out: "ast = [
  GlobalDef {
    name: main @ 0..4 (fid = 0);
    mutability: not;
    typeexpr: none;
    value: FunDefinition {
      args: [];
      rettypeexpr: none;
      body: Block [
        BindingDef {
          name: a @ 47..48 (fid = 0);
          mutability: not;
          typeexpr: none;
          value: integer 12 @ 51..53 (fid = 0);
        } @ 43..53 (fid = 0),

        BindingDef {
          name: b @ 67..68 (fid = 0);
          mutability: mut;
          typeexpr: none;
          value: integer 34 @ 71..73 (fid = 0);
        } @ 59..73 (fid = 0),

        BindingDef {
          name: c @ 105..106 (fid = 0);
          mutability: not;
          typeexpr: none;
          value: integer 56 @ 110..112 (fid = 0);
        } @ 105..112 (fid = 0),

        BindingDef {
          name: d @ 118..121 (fid = 0);
          mutability: mut;
          typeexpr: none;
          value: integer 78 @ 127..129 (fid = 0);
        } @ 118..129 (fid = 0),

        Defer {
          expr: Block [
            @last_expr: none,
          ] @ 165..167 (fid = 0) @ 165..167 (fid = 0);
        } @ 159..167 (fid = 0),

        Call {
          callee: path hello_world @ 201..212 (fid = 0);
          args: [];
        } @ 201..214 (fid = 0) @ 201..214 (fid = 0),

        @last_expr: none,
      ] @ 14..217 (fid = 0);
    } @ 8..217 (fid = 0);
  } @ 0..217 (fid = 0),
]
",
        compiler_code: 0,
        test_out: "",
        test_code: 0,
    ),
    "parser/typeexpr_rests_block": (
        compiler_out: "ast = [
  GlobalDef {
    name: e @ 21..22 (fid = 0);
    mutability: not;
    typeexpr: none;
    value: FunDefinition {
      args: [
        Arg {
          name: e @ 30..31 (fid = 0);
          typeexpr: Block [
            @last_expr: Binary {
              lhs: path a @ 34..35 (fid = 0);
              op: Assignment;
              rhs: integer 32 @ 38..40 (fid = 0);
            } @ 34..40 (fid = 0),
          ] @ 33..41 (fid = 0) @ 33..41 (fid = 0);
        } @ 30..41 (fid = 0),
      ];
      rettypeexpr: none;
      body: Block [
        @last_expr: none,
      ] @ 43..45 (fid = 0);
    } @ 26..45 (fid = 0);
  } @ 21..45 (fid = 0),

  GlobalDef {
    name: f @ 46..47 (fid = 0);
    mutability: not;
    typeexpr: none;
    value: FunDefinition {
      args: [
        Arg {
          name: f @ 55..56 (fid = 0);
          typeexpr: Block [
            @last_expr: InfiniteLoop {
              label: a @ 60..61 (fid = 0);
              body: Block [
                @last_expr: none,
              ] @ 68..70 (fid = 0);
            } @ 60..70 (fid = 0),
          ] @ 58..72 (fid = 0) @ 58..72 (fid = 0);
        } @ 55..72 (fid = 0),
      ];
      rettypeexpr: none;
      body: Block [
        @last_expr: none,
      ] @ 74..76 (fid = 0);
    } @ 51..76 (fid = 0);
  } @ 46..76 (fid = 0),
]
",
        compiler_code: 0,
        test_out: "",
        test_code: 0,
    ),
    "parser/typeexpr_rests_call": (
        compiler_out: "ast = [
  GlobalDef {
    name: a @ 0..1 (fid = 0);
    mutability: not;
    typeexpr: none;
    value: Block [
      BindingDef {
        name: j @ 35..36 (fid = 0);
        mutability: not;
        typeexpr: Call {
          callee: path j @ 39..40 (fid = 0);
          args: [
            Binary {
              lhs: path a @ 41..42 (fid = 0);
              op: Assignment;
              rhs: path u32 @ 45..48 (fid = 0);
            } @ 41..48 (fid = 0),
          ];
        } @ 39..49 (fid = 0);
        value: integer 1 @ 52..53 (fid = 0);
      } @ 35..53 (fid = 0),

      @last_expr: none,
    ] @ 5..56 (fid = 0) @ 5..56 (fid = 0);
  } @ 0..56 (fid = 0),
]
",
        compiler_code: 0,
        test_out: "",
        test_code: 0,
    ),
    "parser/typeexpr_rests_for": (
        compiler_out: "ast = [
  GlobalDef {
    name: a @ 0..1 (fid = 0);
    mutability: not;
    typeexpr: none;
    value: Block [
      BindingDef {
        name: l @ 44..45 (fid = 0);
        mutability: not;
        typeexpr: none;
        value: FunDefinition {
          args: [
            Arg {
              name: l @ 53..54 (fid = 0);
              typeexpr: IteratorLoop {
                label: none;
                variable: _;
                iterator: InfiniteLoop {
                  label: a @ 65..66 (fid = 0);
                  body: Block [
                    @last_expr: none,
                  ] @ 73..75 (fid = 0);
                } @ 65..75 (fid = 0);
                body: Block [
                  @last_expr: none,
                ] @ 76..78 (fid = 0);
              } @ 56..78 (fid = 0);
            } @ 53..78 (fid = 0),
          ];
          rettypeexpr: none;
          body: Block [
            @last_expr: none,
          ] @ 80..82 (fid = 0);
        } @ 49..82 (fid = 0);
      } @ 44..82 (fid = 0),

      BindingDef {
        name: m @ 88..89 (fid = 0);
        mutability: not;
        typeexpr: none;
        value: FunDefinition {
          args: [
            Arg {
              name: m @ 97..98 (fid = 0);
              typeexpr: IteratorLoop {
                label: none;
                variable: _;
                iterator: path _ @ 109..110 (fid = 0);
                body: Block [
                  @last_expr: InfiniteLoop {
                    label: a @ 112..113 (fid = 0);
                    body: Block [
                      @last_expr: none,
                    ] @ 120..122 (fid = 0);
                  } @ 112..122 (fid = 0),
                ] @ 111..124 (fid = 0);
              } @ 100..124 (fid = 0);
            } @ 97..124 (fid = 0),
          ];
          rettypeexpr: none;
          body: Block [
            @last_expr: none,
          ] @ 126..128 (fid = 0);
        } @ 93..128 (fid = 0);
      } @ 88..128 (fid = 0),

      @last_expr: none,
    ] @ 5..131 (fid = 0) @ 5..131 (fid = 0);
  } @ 0..131 (fid = 0),
]
",
        compiler_code: 0,
        test_out: "",
        test_code: 0,
    ),
    "parser/typeexpr_rests_fundef": (
        compiler_out: "ast = [
  GlobalDef {
    name: a @ 0..1 (fid = 0);
    mutability: not;
    typeexpr: none;
    value: Block [
      BindingDef {
        name: o @ 37..38 (fid = 0);
        mutability: not;
        typeexpr: none;
        value: FunDefinition {
          args: [
            Arg {
              name: o @ 46..47 (fid = 0);
              typeexpr: FunDefinition {
                args: [];
                rettypeexpr: none;
                body: Block [
                  @last_expr: InfiniteLoop {
                    label: a @ 77..78 (fid = 0);
                    body: Block [
                      @last_expr: none,
                    ] @ 85..87 (fid = 0);
                  } @ 77..87 (fid = 0),
                ] @ 63..97 (fid = 0);
              } @ 57..97 (fid = 0);
            } @ 46..97 (fid = 0),
          ];
          rettypeexpr: none;
          body: Block [
            @last_expr: none,
          ] @ 104..106 (fid = 0);
        } @ 42..106 (fid = 0);
      } @ 37..106 (fid = 0),

      @last_expr: none,
    ] @ 5..109 (fid = 0) @ 5..109 (fid = 0);
  } @ 0..109 (fid = 0),
]
",
        compiler_code: 0,
        test_out: "",
        test_code: 0,
    ),
    "parser/typeexpr_rests_if": (
        compiler_out: "ast = [
  GlobalDef {
    name: a @ 0..1 (fid = 0);
    mutability: not;
    typeexpr: none;
    value: Block [
      BindingDef {
        name: h @ 33..34 (fid = 0);
        mutability: not;
        typeexpr: If {
          cond: InfiniteLoop {
            label: a @ 40..41 (fid = 0);
            body: Block [
              @last_expr: none,
            ] @ 48..50 (fid = 0);
          } @ 40..50 (fid = 0);
          body: Block [
            @last_expr: none,
          ] @ 51..53 (fid = 0);
          else_br: Block [
            @last_expr: none,
          ] @ 59..61 (fid = 0);
        } @ 37..61 (fid = 0) @ 37..61 (fid = 0);
        value: integer 1 @ 64..65 (fid = 0);
      } @ 33..65 (fid = 0),

      BindingDef {
        name: i @ 72..73 (fid = 0);
        mutability: not;
        typeexpr: none;
        value: FunDefinition {
          args: [
            Arg {
              name: i @ 81..82 (fid = 0);
              typeexpr: If {
                cond: boolean false @ 87..92 (fid = 0);
                body: Block [
                  @last_expr: BlockWithLabel {
                    label: a @ 103..104 (fid = 0);
                    block: Block [
                      @last_expr: none,
                    ] @ 106..108 (fid = 0);
                  } @ 103..108 (fid = 0),
                ] @ 93..114 (fid = 0);
                else_br: Block [
                  @last_expr: none,
                ] @ 120..122 (fid = 0);
              } @ 84..122 (fid = 0) @ 84..122 (fid = 0);
            } @ 81..122 (fid = 0),
          ];
          rettypeexpr: none;
          body: Block [
            @last_expr: none,
          ] @ 124..126 (fid = 0);
        } @ 77..126 (fid = 0);
      } @ 72..126 (fid = 0),

      @last_expr: none,
    ] @ 5..129 (fid = 0) @ 5..129 (fid = 0);
  } @ 0..129 (fid = 0),
]
",
        compiler_code: 0,
        test_out: "",
        test_code: 0,
    ),
    "parser/typeexpr_rests_let": (
        compiler_out: "ast = [
  GlobalDef {
    name: g @ 24..25 (fid = 0);
    mutability: not;
    typeexpr: none;
    value: FunDefinition {
      args: [
        Arg {
          name: g @ 33..34 (fid = 0);
          typeexpr: Block [
            BindingDef {
              name: a @ 46..47 (fid = 0);
              mutability: not;
              typeexpr: none;
              value: InfiniteLoop {
                label: a @ 50..51 (fid = 0);
                body: Block [
                  @last_expr: none,
                ] @ 58..60 (fid = 0);
              } @ 50..60 (fid = 0);
            } @ 42..60 (fid = 0),

            @last_expr: none,
          ] @ 36..63 (fid = 0) @ 36..63 (fid = 0);
        } @ 33..63 (fid = 0),
      ];
      rettypeexpr: none;
      body: Block [
        @last_expr: none,
      ] @ 65..67 (fid = 0);
    } @ 29..67 (fid = 0);
  } @ 24..67 (fid = 0),
]
",
        compiler_code: 0,
        test_out: "",
        test_code: 0,
    ),
    "parser/typeexpr_rests_loop": (
        compiler_out: "ast = [
  GlobalDef {
    name: a @ 0..1 (fid = 0);
    mutability: not;
    typeexpr: none;
    value: Block [
      BindingDef {
        name: n @ 44..45 (fid = 0);
        mutability: not;
        typeexpr: none;
        value: FunDefinition {
          args: [
            Arg {
              name: n @ 53..54 (fid = 0);
              typeexpr: InfiniteLoop {
                label: none;
                body: Block [
                  @last_expr: InfiniteLoop {
                    label: a @ 63..64 (fid = 0);
                    body: Block [
                      @last_expr: none,
                    ] @ 71..73 (fid = 0);
                  } @ 63..73 (fid = 0),
                ] @ 61..75 (fid = 0);
              } @ 56..75 (fid = 0);
            } @ 53..75 (fid = 0),
          ];
          rettypeexpr: none;
          body: Block [
            @last_expr: none,
          ] @ 77..79 (fid = 0);
        } @ 49..79 (fid = 0);
      } @ 44..79 (fid = 0),

      @last_expr: none,
    ] @ 5..82 (fid = 0) @ 5..82 (fid = 0);
  } @ 0..82 (fid = 0),
]
",
        compiler_code: 0,
        test_out: "",
        test_code: 0,
    ),
    "parser/typeexpr_rests_paren": (
        compiler_out: "ast = [
  GlobalDef {
    name: a @ 0..1 (fid = 0);
    mutability: not;
    typeexpr: none;
    value: Block [
      BindingDef {
        name: b @ 42..45 (fid = 0);
        mutability: mut;
        typeexpr: Paren {
          expr: Binary {
            lhs: path a @ 51..52 (fid = 0);
            op: Assignment;
            rhs: path u32 @ 55..58 (fid = 0);
          } @ 51..58 (fid = 0);
        } @ 50..59 (fid = 0);
        value: integer 12 @ 62..64 (fid = 0);
      } @ 42..64 (fid = 0),

      BindingDef {
        name: c @ 70..71 (fid = 0);
        mutability: not;
        typeexpr: Paren {
          expr: InfiniteLoop {
            label: a @ 75..76 (fid = 0);
            body: Block [
              @last_expr: none,
            ] @ 83..85 (fid = 0);
          } @ 75..85 (fid = 0);
        } @ 74..86 (fid = 0);
        value: integer 12 @ 89..91 (fid = 0);
      } @ 70..91 (fid = 0),

      @last_expr: none,
    ] @ 5..94 (fid = 0) @ 5..94 (fid = 0);
  } @ 0..94 (fid = 0),
]
",
        compiler_code: 0,
        test_out: "",
        test_code: 0,
    ),
    "parser/typeexpr_rests_while": (
        compiler_out: "ast = [
  GlobalDef {
    name: k @ 26..27 (fid = 0);
    mutability: not;
    typeexpr: none;
    value: FunDefinition {
      args: [
        Arg {
          name: k @ 35..36 (fid = 0);
          typeexpr: PredicateLoop {
            label: none;
            cond: boolean true @ 44..48 (fid = 0);
            body: Block [
              @last_expr: InfiniteLoop {
                label: a @ 55..56 (fid = 0);
                body: Block [
                  @last_expr: none,
                ] @ 63..65 (fid = 0);
              } @ 55..65 (fid = 0),
            ] @ 49..67 (fid = 0);
          } @ 38..67 (fid = 0);
        } @ 35..67 (fid = 0),
      ];
      rettypeexpr: none;
      body: Block [
        @last_expr: none,
      ] @ 69..71 (fid = 0);
    } @ 31..71 (fid = 0);
  } @ 26..71 (fid = 0),
]
",
        compiler_code: 0,
        test_out: "",
        test_code: 0,
    ),
    "parser/typexpr_restrictions": (
        compiler_out: "ast = [
  GlobalDef {
    name: a @ 0..1 (fid = 0);
    mutability: not;
    typeexpr: none;
    value: FunDefinition {
      args: [];
      rettypeexpr: none;
      body: Block [
        BindingDef {
          name: a @ 17..18 (fid = 0);
          mutability: not;
          typeexpr: path u32 @ 21..24 (fid = 0);
          value: InfiniteLoop {
            label: none;
            body: Block [
              @last_expr: none,
            ] @ 32..34 (fid = 0);
          } @ 27..34 (fid = 0);
        } @ 17..34 (fid = 0),

        BindingDef {
          name: b @ 40..43 (fid = 0);
          mutability: mut;
          typeexpr: path u32 @ 48..51 (fid = 0);
          value: integer 12 @ 54..56 (fid = 0);
        } @ 40..56 (fid = 0),

        @last_expr: none,
      ] @ 11..59 (fid = 0);
    } @ 5..59 (fid = 0);
  } @ 0..59 (fid = 0),
]
",
        compiler_code: 0,
        test_out: "",
        test_code: 0,
    ),
    "scir/E008": (
        compiler_out: "panicked at compiler/lunc/src/lib.rs:835:5:
not yet implemented: IMPLEMENT SIR AND THE FOLLOWING

note: run with `RUST_BACKTRACE=1` environment variable to display a backtrace
BUG: internal compiler error: unexpected panic.
  = note: we would appreciate a bug report on https://github.com/lunprog/lun/issues/new
  = note: lunc 0.1.0 (4d2fe0c2 2025-10-26)
",
        compiler_code: 101,
        test_out: "",
        test_code: 0,
    ),
    "scir/E009": (
        compiler_out: "panicked at compiler/lunc/src/lib.rs:835:5:
not yet implemented: IMPLEMENT SIR AND THE FOLLOWING

note: run with `RUST_BACKTRACE=1` environment variable to display a backtrace
BUG: internal compiler error: unexpected panic.
  = note: we would appreciate a bug report on https://github.com/lunprog/lun/issues/new
  = note: lunc 0.1.0 (4d2fe0c2 2025-10-26)
",
        compiler_code: 101,
        test_out: "",
        test_code: 0,
    ),
    "scir/E011": (
        compiler_out: "panicked at compiler/lunc/src/lib.rs:835:5:
not yet implemented: IMPLEMENT SIR AND THE FOLLOWING

note: run with `RUST_BACKTRACE=1` environment variable to display a backtrace
BUG: internal compiler error: unexpected panic.
  = note: we would appreciate a bug report on https://github.com/lunprog/lun/issues/new
  = note: lunc 0.1.0 (4d2fe0c2 2025-10-26)
",
        compiler_code: 101,
        test_out: "",
        test_code: 0,
    ),
    "scir/E016": (
        compiler_out: "panicked at compiler/lunc/src/lib.rs:835:5:
not yet implemented: IMPLEMENT SIR AND THE FOLLOWING

note: run with `RUST_BACKTRACE=1` environment variable to display a backtrace
BUG: internal compiler error: unexpected panic.
  = note: we would appreciate a bug report on https://github.com/lunprog/lun/issues/new
  = note: lunc 0.1.0 (4d2fe0c2 2025-10-26)
",
        compiler_code: 101,
        test_out: "",
        test_code: 0,
    ),
    "scir/E027": (
        compiler_out: "panicked at compiler/lunc/src/lib.rs:835:5:
not yet implemented: IMPLEMENT SIR AND THE FOLLOWING

note: run with `RUST_BACKTRACE=1` environment variable to display a backtrace
BUG: internal compiler error: unexpected panic.
  = note: we would appreciate a bug report on https://github.com/lunprog/lun/issues/new
  = note: lunc 0.1.0 (4d2fe0c2 2025-10-26)
",
        compiler_code: 101,
        test_out: "",
        test_code: 0,
    ),
    "scir/E028": (
        compiler_out: "panicked at compiler/lunc/src/lib.rs:835:5:
not yet implemented: IMPLEMENT SIR AND THE FOLLOWING

note: run with `RUST_BACKTRACE=1` environment variable to display a backtrace
BUG: internal compiler error: unexpected panic.
  = note: we would appreciate a bug report on https://github.com/lunprog/lun/issues/new
  = note: lunc 0.1.0 (4d2fe0c2 2025-10-26)
",
        compiler_code: 101,
        test_out: "",
        test_code: 0,
    ),
    "scir/E029": (
        compiler_out: "panicked at compiler/lunc/src/lib.rs:835:5:
not yet implemented: IMPLEMENT SIR AND THE FOLLOWING

note: run with `RUST_BACKTRACE=1` environment variable to display a backtrace
BUG: internal compiler error: unexpected panic.
  = note: we would appreciate a bug report on https://github.com/lunprog/lun/issues/new
  = note: lunc 0.1.0 (4d2fe0c2 2025-10-26)
",
        compiler_code: 101,
        test_out: "",
        test_code: 0,
    ),
    "scir/E030": (
        compiler_out: "panicked at compiler/lunc/src/lib.rs:835:5:
not yet implemented: IMPLEMENT SIR AND THE FOLLOWING

note: run with `RUST_BACKTRACE=1` environment variable to display a backtrace
BUG: internal compiler error: unexpected panic.
  = note: we would appreciate a bug report on https://github.com/lunprog/lun/issues/new
  = note: lunc 0.1.0 (4d2fe0c2 2025-10-26)
",
        compiler_code: 101,
        test_out: "",
        test_code: 0,
    ),
    "scir/E031": (
        compiler_out: "panicked at compiler/lunc/src/lib.rs:835:5:
not yet implemented: IMPLEMENT SIR AND THE FOLLOWING

note: run with `RUST_BACKTRACE=1` environment variable to display a backtrace
BUG: internal compiler error: unexpected panic.
  = note: we would appreciate a bug report on https://github.com/lunprog/lun/issues/new
  = note: lunc 0.1.0 (4d2fe0c2 2025-10-26)
",
        compiler_code: 101,
        test_out: "",
        test_code: 0,
    ),
    "scir/E032": (
        compiler_out: "panicked at compiler/lunc/src/lib.rs:835:5:
not yet implemented: IMPLEMENT SIR AND THE FOLLOWING

note: run with `RUST_BACKTRACE=1` environment variable to display a backtrace
BUG: internal compiler error: unexpected panic.
  = note: we would appreciate a bug report on https://github.com/lunprog/lun/issues/new
  = note: lunc 0.1.0 (4d2fe0c2 2025-10-26)
",
        compiler_code: 101,
        test_out: "",
        test_code: 0,
    ),
    "scir/E033": (
        compiler_out: "panicked at compiler/lunc/src/lib.rs:835:5:
not yet implemented: IMPLEMENT SIR AND THE FOLLOWING

note: run with `RUST_BACKTRACE=1` environment variable to display a backtrace
BUG: internal compiler error: unexpected panic.
  = note: we would appreciate a bug report on https://github.com/lunprog/lun/issues/new
  = note: lunc 0.1.0 (4d2fe0c2 2025-10-26)
",
        compiler_code: 101,
        test_out: "",
        test_code: 0,
    ),
    "scir/E034": (
        compiler_out: "panicked at compiler/lunc/src/lib.rs:835:5:
not yet implemented: IMPLEMENT SIR AND THE FOLLOWING

note: run with `RUST_BACKTRACE=1` environment variable to display a backtrace
BUG: internal compiler error: unexpected panic.
  = note: we would appreciate a bug report on https://github.com/lunprog/lun/issues/new
  = note: lunc 0.1.0 (4d2fe0c2 2025-10-26)
",
        compiler_code: 101,
        test_out: "",
        test_code: 0,
    ),
    "scir/E036": (
        compiler_out: "panicked at compiler/lunc/src/lib.rs:835:5:
not yet implemented: IMPLEMENT SIR AND THE FOLLOWING

note: run with `RUST_BACKTRACE=1` environment variable to display a backtrace
BUG: internal compiler error: unexpected panic.
  = note: we would appreciate a bug report on https://github.com/lunprog/lun/issues/new
  = note: lunc 0.1.0 (4d2fe0c2 2025-10-26)
",
        compiler_code: 101,
        test_out: "",
        test_code: 0,
    ),
    "scir/E037": (
        compiler_out: "panicked at compiler/lunc/src/lib.rs:835:5:
not yet implemented: IMPLEMENT SIR AND THE FOLLOWING

note: run with `RUST_BACKTRACE=1` environment variable to display a backtrace
BUG: internal compiler error: unexpected panic.
  = note: we would appreciate a bug report on https://github.com/lunprog/lun/issues/new
  = note: lunc 0.1.0 (4d2fe0c2 2025-10-26)
",
        compiler_code: 101,
        test_out: "",
        test_code: 0,
    ),
    "scir/E039": (
        compiler_out: "panicked at compiler/lunc/src/lib.rs:835:5:
not yet implemented: IMPLEMENT SIR AND THE FOLLOWING

note: run with `RUST_BACKTRACE=1` environment variable to display a backtrace
BUG: internal compiler error: unexpected panic.
  = note: we would appreciate a bug report on https://github.com/lunprog/lun/issues/new
  = note: lunc 0.1.0 (4d2fe0c2 2025-10-26)
",
        compiler_code: 101,
        test_out: "",
        test_code: 0,
    ),
    "scir/E040": (
        compiler_out: "panicked at compiler/lunc/src/lib.rs:835:5:
not yet implemented: IMPLEMENT SIR AND THE FOLLOWING

note: run with `RUST_BACKTRACE=1` environment variable to display a backtrace
BUG: internal compiler error: unexpected panic.
  = note: we would appreciate a bug report on https://github.com/lunprog/lun/issues/new
  = note: lunc 0.1.0 (4d2fe0c2 2025-10-26)
",
        compiler_code: 101,
        test_out: "",
        test_code: 0,
    ),
    "scir/constant_evaluation": (
        compiler_out: "panicked at compiler/lunc/src/lib.rs:835:5:
not yet implemented: IMPLEMENT SIR AND THE FOLLOWING

note: run with `RUST_BACKTRACE=1` environment variable to display a backtrace
BUG: internal compiler error: unexpected panic.
  = note: we would appreciate a bug report on https://github.com/lunprog/lun/issues/new
  = note: lunc 0.1.0 (4d2fe0c2 2025-10-26)
",
        compiler_code: 101,
        test_out: "",
        test_code: 0,
    ),
    "scir/empty": (
        compiler_out: "panicked at compiler/lunc/src/lib.rs:835:5:
not yet implemented: IMPLEMENT SIR AND THE FOLLOWING

note: run with `RUST_BACKTRACE=1` environment variable to display a backtrace
BUG: internal compiler error: unexpected panic.
  = note: we would appreciate a bug report on https://github.com/lunprog/lun/issues/new
  = note: lunc 0.1.0 (4d2fe0c2 2025-10-26)
",
        compiler_code: 101,
        test_out: "",
        test_code: 0,
    ),
    "scir/extern_block": (
        compiler_out: "panicked at compiler/lunc/src/lib.rs:835:5:
not yet implemented: IMPLEMENT SIR AND THE FOLLOWING

note: run with `RUST_BACKTRACE=1` environment variable to display a backtrace
BUG: internal compiler error: unexpected panic.
  = note: we would appreciate a bug report on https://github.com/lunprog/lun/issues/new
  = note: lunc 0.1.0 (4d2fe0c2 2025-10-26)
",
        compiler_code: 101,
        test_out: "",
        test_code: 0,
    ),
    "scir/fun_ret_ty": (
        compiler_out: "panicked at compiler/lunc/src/lib.rs:835:5:
not yet implemented: IMPLEMENT SIR AND THE FOLLOWING

note: run with `RUST_BACKTRACE=1` environment variable to display a backtrace
BUG: internal compiler error: unexpected panic.
  = note: we would appreciate a bug report on https://github.com/lunprog/lun/issues/new
  = note: lunc 0.1.0 (4d2fe0c2 2025-10-26)
",
        compiler_code: 101,
        test_out: "",
        test_code: 0,
    ),
    "scir/label_kw_expr": (
        compiler_out: "panicked at compiler/lunc/src/lib.rs:835:5:
not yet implemented: IMPLEMENT SIR AND THE FOLLOWING

note: run with `RUST_BACKTRACE=1` environment variable to display a backtrace
BUG: internal compiler error: unexpected panic.
  = note: we would appreciate a bug report on https://github.com/lunprog/lun/issues/new
  = note: lunc 0.1.0 (4d2fe0c2 2025-10-26)
",
        compiler_code: 101,
        test_out: "",
        test_code: 0,
    ),
    "scir/loop_semantics": (
        compiler_out: "panicked at compiler/lunc/src/lib.rs:835:5:
not yet implemented: IMPLEMENT SIR AND THE FOLLOWING

note: run with `RUST_BACKTRACE=1` environment variable to display a backtrace
BUG: internal compiler error: unexpected panic.
  = note: we would appreciate a bug report on https://github.com/lunprog/lun/issues/new
  = note: lunc 0.1.0 (4d2fe0c2 2025-10-26)
",
        compiler_code: 101,
        test_out: "",
        test_code: 0,
    ),
    "scir/never_block": (
        compiler_out: "panicked at compiler/lunc/src/lib.rs:835:5:
not yet implemented: IMPLEMENT SIR AND THE FOLLOWING

note: run with `RUST_BACKTRACE=1` environment variable to display a backtrace
BUG: internal compiler error: unexpected panic.
  = note: we would appreciate a bug report on https://github.com/lunprog/lun/issues/new
  = note: lunc 0.1.0 (4d2fe0c2 2025-10-26)
",
        compiler_code: 101,
        test_out: "",
        test_code: 0,
    ),
}
